{
  "/home/admini/molMod/src/chemistry/reactionDatabase.ts": {
    "path": "/home/admini/molMod/src/chemistry/reactionDatabase.ts",
    "all": false,
    "statementMap": {
      "2": { "start": { "line": 3, "column": 0 }, "end": { "line": 3, "column": 61 } },
      "3": { "start": { "line": 4, "column": 0 }, "end": { "line": 4, "column": 8 } },
      "4": { "start": { "line": 5, "column": 0 }, "end": { "line": 5, "column": 14 } },
      "5": { "start": { "line": 6, "column": 0 }, "end": { "line": 6, "column": 50 } },
      "6": { "start": { "line": 7, "column": 0 }, "end": { "line": 7, "column": 21 } },
      "7": { "start": { "line": 8, "column": 0 }, "end": { "line": 8, "column": 23 } },
      "8": { "start": { "line": 9, "column": 0 }, "end": { "line": 9, "column": 18 } },
      "9": { "start": { "line": 10, "column": 0 }, "end": { "line": 10, "column": 9 } },
      "10": { "start": { "line": 11, "column": 0 }, "end": { "line": 11, "column": 32 } },
      "11": { "start": { "line": 12, "column": 0 }, "end": { "line": 12, "column": 49 } },
      "12": { "start": { "line": 13, "column": 0 }, "end": { "line": 13, "column": 24 } },
      "13": { "start": { "line": 14, "column": 0 }, "end": { "line": 14, "column": 10 } },
      "14": { "start": { "line": 15, "column": 0 }, "end": { "line": 15, "column": 8 } },
      "15": { "start": { "line": 16, "column": 0 }, "end": { "line": 16, "column": 20 } },
      "16": { "start": { "line": 17, "column": 0 }, "end": { "line": 17, "column": 9 } },
      "17": { "start": { "line": 18, "column": 0 }, "end": { "line": 18, "column": 30 } },
      "18": { "start": { "line": 19, "column": 0 }, "end": { "line": 19, "column": 42 } },
      "19": { "start": { "line": 20, "column": 0 }, "end": { "line": 20, "column": 24 } },
      "20": { "start": { "line": 21, "column": 0 }, "end": { "line": 21, "column": 10 } },
      "21": { "start": { "line": 22, "column": 0 }, "end": { "line": 22, "column": 8 } },
      "22": { "start": { "line": 23, "column": 0 }, "end": { "line": 23, "column": 6 } },
      "23": { "start": { "line": 24, "column": 0 }, "end": { "line": 24, "column": 35 } },
      "24": { "start": { "line": 25, "column": 0 }, "end": { "line": 25, "column": 41 } },
      "25": { "start": { "line": 26, "column": 0 }, "end": { "line": 26, "column": 25 } },
      "26": { "start": { "line": 27, "column": 0 }, "end": { "line": 27, "column": 92 } },
      "27": { "start": { "line": 28, "column": 0 }, "end": { "line": 28, "column": 29 } },
      "28": { "start": { "line": 29, "column": 0 }, "end": { "line": 29, "column": 48 } },
      "29": { "start": { "line": 30, "column": 0 }, "end": { "line": 30, "column": 57 } },
      "30": { "start": { "line": 31, "column": 0 }, "end": { "line": 31, "column": 54 } },
      "31": { "start": { "line": 32, "column": 0 }, "end": { "line": 32, "column": 8 } },
      "32": { "start": { "line": 33, "column": 0 }, "end": { "line": 33, "column": 6 } },
      "33": { "start": { "line": 34, "column": 0 }, "end": { "line": 34, "column": 4 } },
      "35": { "start": { "line": 36, "column": 0 }, "end": { "line": 36, "column": 8 } },
      "36": { "start": { "line": 37, "column": 0 }, "end": { "line": 37, "column": 14 } },
      "37": { "start": { "line": 38, "column": 0 }, "end": { "line": 38, "column": 51 } },
      "38": { "start": { "line": 39, "column": 0 }, "end": { "line": 39, "column": 21 } },
      "39": { "start": { "line": 40, "column": 0 }, "end": { "line": 40, "column": 23 } },
      "40": { "start": { "line": 41, "column": 0 }, "end": { "line": 41, "column": 18 } },
      "41": { "start": { "line": 42, "column": 0 }, "end": { "line": 42, "column": 9 } },
      "42": { "start": { "line": 43, "column": 0 }, "end": { "line": 43, "column": 32 } },
      "43": { "start": { "line": 44, "column": 0 }, "end": { "line": 44, "column": 42 } },
      "44": { "start": { "line": 45, "column": 0 }, "end": { "line": 45, "column": 24 } },
      "45": { "start": { "line": 46, "column": 0 }, "end": { "line": 46, "column": 10 } },
      "46": { "start": { "line": 47, "column": 0 }, "end": { "line": 47, "column": 8 } },
      "47": { "start": { "line": 48, "column": 0 }, "end": { "line": 48, "column": 20 } },
      "48": { "start": { "line": 49, "column": 0 }, "end": { "line": 49, "column": 9 } },
      "49": { "start": { "line": 50, "column": 0 }, "end": { "line": 50, "column": 30 } },
      "50": { "start": { "line": 51, "column": 0 }, "end": { "line": 51, "column": 35 } },
      "51": { "start": { "line": 52, "column": 0 }, "end": { "line": 52, "column": 49 } },
      "52": { "start": { "line": 53, "column": 0 }, "end": { "line": 53, "column": 10 } },
      "53": { "start": { "line": 54, "column": 0 }, "end": { "line": 54, "column": 8 } },
      "54": { "start": { "line": 55, "column": 0 }, "end": { "line": 55, "column": 6 } },
      "55": { "start": { "line": 56, "column": 0 }, "end": { "line": 56, "column": 74 } },
      "56": { "start": { "line": 57, "column": 0 }, "end": { "line": 57, "column": 53 } },
      "57": { "start": { "line": 58, "column": 0 }, "end": { "line": 58, "column": 25 } },
      "58": { "start": { "line": 59, "column": 0 }, "end": { "line": 59, "column": 56 } },
      "59": { "start": { "line": 60, "column": 0 }, "end": { "line": 60, "column": 62 } },
      "60": { "start": { "line": 61, "column": 0 }, "end": { "line": 61, "column": 6 } },
      "61": { "start": { "line": 62, "column": 0 }, "end": { "line": 62, "column": 4 } },
      "63": { "start": { "line": 64, "column": 0 }, "end": { "line": 64, "column": 7 } },
      "64": { "start": { "line": 65, "column": 0 }, "end": { "line": 65, "column": 13 } },
      "65": { "start": { "line": 66, "column": 0 }, "end": { "line": 66, "column": 36 } },
      "66": { "start": { "line": 67, "column": 0 }, "end": { "line": 67, "column": 20 } },
      "67": { "start": { "line": 68, "column": 0 }, "end": { "line": 68, "column": 23 } },
      "68": { "start": { "line": 69, "column": 0 }, "end": { "line": 69, "column": 18 } },
      "69": { "start": { "line": 70, "column": 0 }, "end": { "line": 70, "column": 9 } },
      "70": { "start": { "line": 71, "column": 0 }, "end": { "line": 71, "column": 32 } },
      "71": { "start": { "line": 72, "column": 0 }, "end": { "line": 72, "column": 42 } },
      "72": { "start": { "line": 73, "column": 0 }, "end": { "line": 73, "column": 24 } },
      "73": { "start": { "line": 74, "column": 0 }, "end": { "line": 74, "column": 10 } },
      "74": { "start": { "line": 75, "column": 0 }, "end": { "line": 75, "column": 8 } },
      "75": { "start": { "line": 76, "column": 0 }, "end": { "line": 76, "column": 20 } },
      "76": { "start": { "line": 77, "column": 0 }, "end": { "line": 77, "column": 9 } },
      "77": { "start": { "line": 78, "column": 0 }, "end": { "line": 78, "column": 30 } },
      "78": { "start": { "line": 79, "column": 0 }, "end": { "line": 79, "column": 29 } },
      "79": { "start": { "line": 80, "column": 0 }, "end": { "line": 80, "column": 24 } },
      "80": { "start": { "line": 81, "column": 0 }, "end": { "line": 81, "column": 10 } },
      "81": { "start": { "line": 82, "column": 0 }, "end": { "line": 82, "column": 8 } },
      "82": { "start": { "line": 83, "column": 0 }, "end": { "line": 83, "column": 6 } },
      "83": { "start": { "line": 84, "column": 0 }, "end": { "line": 84, "column": 36 } },
      "84": { "start": { "line": 85, "column": 0 }, "end": { "line": 85, "column": 53 } },
      "85": { "start": { "line": 86, "column": 0 }, "end": { "line": 86, "column": 25 } },
      "86": { "start": { "line": 87, "column": 0 }, "end": { "line": 87, "column": 56 } },
      "87": { "start": { "line": 88, "column": 0 }, "end": { "line": 88, "column": 75 } },
      "88": { "start": { "line": 89, "column": 0 }, "end": { "line": 89, "column": 6 } },
      "89": { "start": { "line": 90, "column": 0 }, "end": { "line": 90, "column": 4 } },
      "91": { "start": { "line": 92, "column": 0 }, "end": { "line": 92, "column": 7 } },
      "92": { "start": { "line": 93, "column": 0 }, "end": { "line": 93, "column": 13 } },
      "93": { "start": { "line": 94, "column": 0 }, "end": { "line": 94, "column": 37 } },
      "94": { "start": { "line": 95, "column": 0 }, "end": { "line": 95, "column": 20 } },
      "95": { "start": { "line": 96, "column": 0 }, "end": { "line": 96, "column": 23 } },
      "96": { "start": { "line": 97, "column": 0 }, "end": { "line": 97, "column": 18 } },
      "97": { "start": { "line": 98, "column": 0 }, "end": { "line": 98, "column": 9 } },
      "98": { "start": { "line": 99, "column": 0 }, "end": { "line": 99, "column": 32 } },
      "99": { "start": { "line": 100, "column": 0 }, "end": { "line": 100, "column": 42 } },
      "100": { "start": { "line": 101, "column": 0 }, "end": { "line": 101, "column": 24 } },
      "101": { "start": { "line": 102, "column": 0 }, "end": { "line": 102, "column": 10 } },
      "102": { "start": { "line": 103, "column": 0 }, "end": { "line": 103, "column": 8 } },
      "103": { "start": { "line": 104, "column": 0 }, "end": { "line": 104, "column": 20 } },
      "104": { "start": { "line": 105, "column": 0 }, "end": { "line": 105, "column": 9 } },
      "105": { "start": { "line": 106, "column": 0 }, "end": { "line": 106, "column": 30 } },
      "106": { "start": { "line": 107, "column": 0 }, "end": { "line": 107, "column": 29 } },
      "107": { "start": { "line": 108, "column": 0 }, "end": { "line": 108, "column": 48 } },
      "108": { "start": { "line": 109, "column": 0 }, "end": { "line": 109, "column": 10 } },
      "109": { "start": { "line": 110, "column": 0 }, "end": { "line": 110, "column": 8 } },
      "110": { "start": { "line": 111, "column": 0 }, "end": { "line": 111, "column": 6 } },
      "111": { "start": { "line": 112, "column": 0 }, "end": { "line": 112, "column": 75 } },
      "112": { "start": { "line": 113, "column": 0 }, "end": { "line": 113, "column": 53 } },
      "113": { "start": { "line": 114, "column": 0 }, "end": { "line": 114, "column": 25 } },
      "114": { "start": { "line": 115, "column": 0 }, "end": { "line": 115, "column": 56 } },
      "115": { "start": { "line": 116, "column": 0 }, "end": { "line": 116, "column": 62 } },
      "116": { "start": { "line": 117, "column": 0 }, "end": { "line": 117, "column": 6 } },
      "117": { "start": { "line": 118, "column": 0 }, "end": { "line": 118, "column": 4 } },
      "118": { "start": { "line": 119, "column": 0 }, "end": { "line": 119, "column": 2 } },
      "121": { "start": { "line": 122, "column": 0 }, "end": { "line": 122, "column": 38 } },
      "122": { "start": { "line": 123, "column": 0 }, "end": { "line": 123, "column": 8 } },
      "123": { "start": { "line": 124, "column": 0 }, "end": { "line": 124, "column": 17 } },
      "124": { "start": { "line": 125, "column": 0 }, "end": { "line": 125, "column": 94 } },
      "125": { "start": { "line": 126, "column": 0 }, "end": { "line": 126, "column": 95 } },
      "126": { "start": { "line": 127, "column": 0 }, "end": { "line": 127, "column": 90 } },
      "127": { "start": { "line": 128, "column": 0 }, "end": { "line": 128, "column": 7 } },
      "128": { "start": { "line": 129, "column": 0 }, "end": { "line": 129, "column": 32 } },
      "129": { "start": { "line": 130, "column": 0 }, "end": { "line": 130, "column": 41 } },
      "130": { "start": { "line": 131, "column": 0 }, "end": { "line": 131, "column": 23 } },
      "131": { "start": { "line": 132, "column": 0 }, "end": { "line": 132, "column": 39 } },
      "132": { "start": { "line": 133, "column": 0 }, "end": { "line": 133, "column": 8 } },
      "133": { "start": { "line": 134, "column": 0 }, "end": { "line": 134, "column": 6 } },
      "134": { "start": { "line": 135, "column": 0 }, "end": { "line": 135, "column": 19 } },
      "135": { "start": { "line": 136, "column": 0 }, "end": { "line": 136, "column": 87 } },
      "136": { "start": { "line": 137, "column": 0 }, "end": { "line": 137, "column": 84 } },
      "137": { "start": { "line": 138, "column": 0 }, "end": { "line": 138, "column": 79 } },
      "138": { "start": { "line": 139, "column": 0 }, "end": { "line": 139, "column": 87 } },
      "139": { "start": { "line": 140, "column": 0 }, "end": { "line": 140, "column": 6 } },
      "140": { "start": { "line": 141, "column": 0 }, "end": { "line": 141, "column": 4 } },
      "142": { "start": { "line": 143, "column": 0 }, "end": { "line": 143, "column": 7 } },
      "143": { "start": { "line": 144, "column": 0 }, "end": { "line": 144, "column": 17 } },
      "144": { "start": { "line": 145, "column": 0 }, "end": { "line": 145, "column": 97 } },
      "145": { "start": { "line": 146, "column": 0 }, "end": { "line": 146, "column": 99 } },
      "146": { "start": { "line": 147, "column": 0 }, "end": { "line": 147, "column": 6 } },
      "147": { "start": { "line": 148, "column": 0 }, "end": { "line": 148, "column": 12 } },
      "148": { "start": { "line": 149, "column": 0 }, "end": { "line": 149, "column": 7 } },
      "149": { "start": { "line": 150, "column": 0 }, "end": { "line": 150, "column": 40 } },
      "150": { "start": { "line": 151, "column": 0 }, "end": { "line": 151, "column": 31 } },
      "151": { "start": { "line": 152, "column": 0 }, "end": { "line": 152, "column": 16 } },
      "152": { "start": { "line": 153, "column": 0 }, "end": { "line": 153, "column": 34 } },
      "153": { "start": { "line": 154, "column": 0 }, "end": { "line": 154, "column": 8 } },
      "154": { "start": { "line": 155, "column": 0 }, "end": { "line": 155, "column": 79 } },
      "155": { "start": { "line": 156, "column": 0 }, "end": { "line": 156, "column": 6 } },
      "156": { "start": { "line": 157, "column": 0 }, "end": { "line": 157, "column": 4 } },
      "157": { "start": { "line": 158, "column": 0 }, "end": { "line": 158, "column": 2 } },
      "159": { "start": { "line": 160, "column": 0 }, "end": { "line": 160, "column": 66 } },
      "160": { "start": { "line": 161, "column": 0 }, "end": { "line": 161, "column": 36 } },
      "161": { "start": { "line": 162, "column": 0 }, "end": { "line": 162, "column": 1 } },
      "163": { "start": { "line": 164, "column": 0 }, "end": { "line": 164, "column": 55 } },
      "164": { "start": { "line": 165, "column": 0 }, "end": { "line": 165, "column": 39 } },
      "165": { "start": { "line": 166, "column": 0 }, "end": { "line": 166, "column": 1 } },
      "167": { "start": { "line": 168, "column": 0 }, "end": { "line": 168, "column": 72 } },
      "168": { "start": { "line": 169, "column": 0 }, "end": { "line": 169, "column": 53 } },
      "169": { "start": { "line": 170, "column": 0 }, "end": { "line": 170, "column": 1 } },
      "171": { "start": { "line": 172, "column": 0 }, "end": { "line": 172, "column": 49 } },
      "172": { "start": { "line": 173, "column": 0 }, "end": { "line": 173, "column": 28 } },
      "173": { "start": { "line": 174, "column": 0 }, "end": { "line": 174, "column": 29 } },
      "174": { "start": { "line": 175, "column": 0 }, "end": { "line": 175, "column": 35 } },
      "175": { "start": { "line": 176, "column": 0 }, "end": { "line": 176, "column": 12 } },
      "176": { "start": { "line": 177, "column": 0 }, "end": { "line": 177, "column": 26 } },
      "177": { "start": { "line": 178, "column": 0 }, "end": { "line": 178, "column": 24 } },
      "178": { "start": { "line": 179, "column": 0 }, "end": { "line": 179, "column": 48 } },
      "179": { "start": { "line": 180, "column": 0 }, "end": { "line": 180, "column": 50 } },
      "182": { "start": { "line": 183, "column": 0 }, "end": { "line": 183, "column": 51 } },
      "183": { "start": { "line": 184, "column": 0 }, "end": { "line": 184, "column": 49 } },
      "184": { "start": { "line": 185, "column": 0 }, "end": { "line": 185, "column": 76 } },
      "185": { "start": { "line": 186, "column": 0 }, "end": { "line": 186, "column": 53 } },
      "186": { "start": { "line": 187, "column": 0 }, "end": { "line": 187, "column": 63 } },
      "187": { "start": { "line": 188, "column": 0 }, "end": { "line": 188, "column": 22 } },
      "188": { "start": { "line": 189, "column": 0 }, "end": { "line": 189, "column": 9 } },
      "189": { "start": { "line": 190, "column": 0 }, "end": { "line": 190, "column": 7 } },
      "190": { "start": { "line": 191, "column": 0 }, "end": { "line": 191, "column": 5 } },
      "191": { "start": { "line": 192, "column": 0 }, "end": { "line": 192, "column": 3 } },
      "193": { "start": { "line": 194, "column": 0 }, "end": { "line": 194, "column": 15 } },
      "194": { "start": { "line": 195, "column": 0 }, "end": { "line": 195, "column": 1 } },
      "197": { "start": { "line": 198, "column": 0 }, "end": { "line": 198, "column": 76 } },
      "198": { "start": { "line": 199, "column": 0 }, "end": { "line": 199, "column": 24 } },
      "199": { "start": { "line": 200, "column": 0 }, "end": { "line": 200, "column": 127 } },
      "200": { "start": { "line": 201, "column": 0 }, "end": { "line": 201, "column": 126 } },
      "201": { "start": { "line": 202, "column": 0 }, "end": { "line": 202, "column": 99 } },
      "202": { "start": { "line": 203, "column": 0 }, "end": { "line": 203, "column": 111 } },
      "203": { "start": { "line": 204, "column": 0 }, "end": { "line": 204, "column": 4 } },
      "205": { "start": { "line": 206, "column": 0 }, "end": { "line": 206, "column": 78 } },
      "206": { "start": { "line": 207, "column": 0 }, "end": { "line": 207, "column": 1 } },
      "209": { "start": { "line": 210, "column": 0 }, "end": { "line": 210, "column": 43 } },
      "210": { "start": { "line": 211, "column": 0 }, "end": { "line": 211, "column": 17 } },
      "211": { "start": { "line": 212, "column": 0 }, "end": { "line": 212, "column": 36 } },
      "212": { "start": { "line": 213, "column": 0 }, "end": { "line": 213, "column": 11 } },
      "213": { "start": { "line": 214, "column": 0 }, "end": { "line": 214, "column": 17 } },
      "214": { "start": { "line": 215, "column": 0 }, "end": { "line": 215, "column": 20 } },
      "215": { "start": { "line": 216, "column": 0 }, "end": { "line": 216, "column": 58 } },
      "216": { "start": { "line": 217, "column": 0 }, "end": { "line": 217, "column": 14 } },
      "217": { "start": { "line": 218, "column": 0 }, "end": { "line": 218, "column": 55 } },
      "218": { "start": { "line": 219, "column": 0 }, "end": { "line": 219, "column": 12 } },
      "219": { "start": { "line": 220, "column": 0 }, "end": { "line": 220, "column": 20 } },
      "220": { "start": { "line": 221, "column": 0 }, "end": { "line": 221, "column": 3 } },
      "221": { "start": { "line": 222, "column": 0 }, "end": { "line": 222, "column": 1 } }
    },
    "s": {
      "2": 1,
      "3": 1,
      "4": 1,
      "5": 1,
      "6": 1,
      "7": 1,
      "8": 1,
      "9": 1,
      "10": 1,
      "11": 1,
      "12": 1,
      "13": 1,
      "14": 1,
      "15": 1,
      "16": 1,
      "17": 1,
      "18": 1,
      "19": 1,
      "20": 1,
      "21": 1,
      "22": 1,
      "23": 1,
      "24": 1,
      "25": 1,
      "26": 1,
      "27": 1,
      "28": 0,
      "29": 0,
      "30": 0,
      "31": 0,
      "32": 1,
      "33": 1,
      "35": 1,
      "36": 1,
      "37": 1,
      "38": 1,
      "39": 1,
      "40": 1,
      "41": 1,
      "42": 1,
      "43": 1,
      "44": 1,
      "45": 1,
      "46": 1,
      "47": 1,
      "48": 1,
      "49": 1,
      "50": 1,
      "51": 1,
      "52": 1,
      "53": 1,
      "54": 1,
      "55": 1,
      "56": 1,
      "57": 1,
      "58": 1,
      "59": 1,
      "60": 1,
      "61": 1,
      "63": 1,
      "64": 1,
      "65": 1,
      "66": 1,
      "67": 1,
      "68": 1,
      "69": 1,
      "70": 1,
      "71": 1,
      "72": 1,
      "73": 1,
      "74": 1,
      "75": 1,
      "76": 1,
      "77": 1,
      "78": 1,
      "79": 1,
      "80": 1,
      "81": 1,
      "82": 1,
      "83": 1,
      "84": 1,
      "85": 1,
      "86": 1,
      "87": 1,
      "88": 1,
      "89": 1,
      "91": 1,
      "92": 1,
      "93": 1,
      "94": 1,
      "95": 1,
      "96": 1,
      "97": 1,
      "98": 1,
      "99": 1,
      "100": 1,
      "101": 1,
      "102": 1,
      "103": 1,
      "104": 1,
      "105": 1,
      "106": 1,
      "107": 1,
      "108": 1,
      "109": 1,
      "110": 1,
      "111": 1,
      "112": 1,
      "113": 1,
      "114": 1,
      "115": 1,
      "116": 1,
      "117": 1,
      "118": 1,
      "121": 1,
      "122": 1,
      "123": 1,
      "124": 1,
      "125": 1,
      "126": 1,
      "127": 1,
      "128": 1,
      "129": 1,
      "130": 1,
      "131": 1,
      "132": 1,
      "133": 1,
      "134": 1,
      "135": 1,
      "136": 1,
      "137": 1,
      "138": 1,
      "139": 1,
      "140": 1,
      "142": 1,
      "143": 1,
      "144": 1,
      "145": 1,
      "146": 1,
      "147": 1,
      "148": 1,
      "149": 1,
      "150": 1,
      "151": 1,
      "152": 1,
      "153": 1,
      "154": 1,
      "155": 1,
      "156": 1,
      "157": 1,
      "159": 1,
      "160": 0,
      "161": 0,
      "163": 1,
      "164": 0,
      "165": 0,
      "167": 1,
      "168": 0,
      "169": 0,
      "171": 1,
      "172": 0,
      "173": 0,
      "174": 0,
      "175": 0,
      "176": 0,
      "177": 0,
      "178": 0,
      "179": 0,
      "182": 0,
      "183": 0,
      "184": 0,
      "185": 0,
      "186": 0,
      "187": 0,
      "188": 0,
      "189": 0,
      "190": 0,
      "191": 0,
      "193": 0,
      "194": 0,
      "197": 1,
      "198": 0,
      "199": 0,
      "200": 0,
      "201": 0,
      "202": 0,
      "203": 0,
      "205": 0,
      "206": 0,
      "209": 1,
      "210": 0,
      "211": 0,
      "212": 0,
      "213": 0,
      "214": 0,
      "215": 0,
      "216": 0,
      "217": 0,
      "218": 0,
      "219": 0,
      "220": 0,
      "221": 0
    },
    "branchMap": {
      "0": {
        "type": "branch",
        "line": 27,
        "loc": { "start": { "line": 27, "column": 19 }, "end": { "line": 27, "column": 92 } },
        "locations": [
          { "start": { "line": 27, "column": 19 }, "end": { "line": 27, "column": 92 } }
        ]
      }
    },
    "b": { "0": [2] },
    "fnMap": {
      "0": {
        "name": "temperature",
        "decl": { "start": { "line": 27, "column": 19 }, "end": { "line": 27, "column": 92 } },
        "loc": { "start": { "line": 27, "column": 19 }, "end": { "line": 27, "column": 92 } },
        "line": 27
      },
      "1": {
        "name": "orientation",
        "decl": { "start": { "line": 28, "column": 19 }, "end": { "line": 32, "column": 8 } },
        "loc": { "start": { "line": 28, "column": 19 }, "end": { "line": 32, "column": 8 } },
        "line": 28
      },
      "2": {
        "name": "temperature",
        "decl": { "start": { "line": 59, "column": 19 }, "end": { "line": 59, "column": 56 } },
        "loc": { "start": { "line": 59, "column": 19 }, "end": { "line": 59, "column": 56 } },
        "line": 59
      },
      "3": {
        "name": "orientation",
        "decl": { "start": { "line": 60, "column": 19 }, "end": { "line": 60, "column": 62 } },
        "loc": { "start": { "line": 60, "column": 19 }, "end": { "line": 60, "column": 62 } },
        "line": 60
      },
      "4": {
        "name": "temperature",
        "decl": { "start": { "line": 87, "column": 19 }, "end": { "line": 87, "column": 56 } },
        "loc": { "start": { "line": 87, "column": 19 }, "end": { "line": 87, "column": 56 } },
        "line": 87
      },
      "5": {
        "name": "orientation",
        "decl": { "start": { "line": 88, "column": 19 }, "end": { "line": 88, "column": 75 } },
        "loc": { "start": { "line": 88, "column": 19 }, "end": { "line": 88, "column": 75 } },
        "line": 88
      },
      "6": {
        "name": "temperature",
        "decl": { "start": { "line": 115, "column": 19 }, "end": { "line": 115, "column": 56 } },
        "loc": { "start": { "line": 115, "column": 19 }, "end": { "line": 115, "column": 56 } },
        "line": 115
      },
      "7": {
        "name": "orientation",
        "decl": { "start": { "line": 116, "column": 19 }, "end": { "line": 116, "column": 62 } },
        "loc": { "start": { "line": 116, "column": 19 }, "end": { "line": 116, "column": 62 } },
        "line": 116
      },
      "8": {
        "name": "getReactionType",
        "decl": { "start": { "line": 160, "column": 7 }, "end": { "line": 162, "column": 1 } },
        "loc": { "start": { "line": 160, "column": 7 }, "end": { "line": 162, "column": 1 } },
        "line": 160
      },
      "9": {
        "name": "getAllReactionTypes",
        "decl": { "start": { "line": 164, "column": 7 }, "end": { "line": 166, "column": 1 } },
        "loc": { "start": { "line": 164, "column": 7 }, "end": { "line": 166, "column": 1 } },
        "line": 164
      },
      "10": {
        "name": "getReactionParticipants",
        "decl": { "start": { "line": 168, "column": 7 }, "end": { "line": 170, "column": 1 } },
        "loc": { "start": { "line": 168, "column": 7 }, "end": { "line": 170, "column": 1 } },
        "line": 168
      },
      "11": {
        "name": "isMoleculeCompatibleWithReaction",
        "decl": { "start": { "line": 172, "column": 7 }, "end": { "line": 195, "column": 1 } },
        "loc": { "start": { "line": 172, "column": 7 }, "end": { "line": 195, "column": 1 } },
        "line": 172
      },
      "12": {
        "name": "getReactionDescription",
        "decl": { "start": { "line": 198, "column": 7 }, "end": { "line": 207, "column": 1 } },
        "loc": { "start": { "line": 198, "column": 7 }, "end": { "line": 207, "column": 1 } },
        "line": 198
      },
      "13": {
        "name": "getActivationEnergyInUnits",
        "decl": { "start": { "line": 210, "column": 7 }, "end": { "line": 222, "column": 1 } },
        "loc": { "start": { "line": 210, "column": 7 }, "end": { "line": 222, "column": 1 } },
        "line": 210
      }
    },
    "f": {
      "0": 2,
      "1": 0,
      "2": 0,
      "3": 0,
      "4": 0,
      "5": 0,
      "6": 0,
      "7": 0,
      "8": 0,
      "9": 0,
      "10": 0,
      "11": 0,
      "12": 0,
      "13": 0
    }
  },
  "/home/admini/molMod/src/chemistry/reactionDetector.ts": {
    "path": "/home/admini/molMod/src/chemistry/reactionDetector.ts",
    "all": false,
    "statementMap": {
      "0": { "start": { "line": 1, "column": 0 }, "end": { "line": 1, "column": 36 } },
      "13": { "start": { "line": 14, "column": 0 }, "end": { "line": 14, "column": 31 } },
      "14": { "start": { "line": 15, "column": 0 }, "end": { "line": 15, "column": 57 } },
      "15": { "start": { "line": 16, "column": 0 }, "end": { "line": 16, "column": 55 } },
      "20": { "start": { "line": 21, "column": 0 }, "end": { "line": 21, "column": 17 } },
      "21": { "start": { "line": 22, "column": 0 }, "end": { "line": 22, "column": 29 } },
      "22": { "start": { "line": 23, "column": 0 }, "end": { "line": 23, "column": 27 } },
      "23": { "start": { "line": 24, "column": 0 }, "end": { "line": 24, "column": 24 } },
      "24": { "start": { "line": 25, "column": 0 }, "end": { "line": 25, "column": 29 } },
      "25": { "start": { "line": 26, "column": 0 }, "end": { "line": 26, "column": 30 } },
      "26": { "start": { "line": 27, "column": 0 }, "end": { "line": 27, "column": 21 } },
      "27": { "start": { "line": 28, "column": 0 }, "end": { "line": 28, "column": 67 } },
      "30": { "start": { "line": 31, "column": 0 }, "end": { "line": 31, "column": 52 } },
      "31": { "start": { "line": 32, "column": 0 }, "end": { "line": 32, "column": 32 } },
      "32": { "start": { "line": 33, "column": 0 }, "end": { "line": 33, "column": 31 } },
      "33": { "start": { "line": 34, "column": 0 }, "end": { "line": 34, "column": 6 } },
      "36": { "start": { "line": 37, "column": 0 }, "end": { "line": 37, "column": 62 } },
      "37": { "start": { "line": 38, "column": 0 }, "end": { "line": 38, "column": 30 } },
      "38": { "start": { "line": 39, "column": 0 }, "end": { "line": 39, "column": 27 } },
      "39": { "start": { "line": 40, "column": 0 }, "end": { "line": 40, "column": 6 } },
      "42": { "start": { "line": 43, "column": 0 }, "end": { "line": 43, "column": 76 } },
      "45": { "start": { "line": 46, "column": 0 }, "end": { "line": 46, "column": 100 } },
      "48": { "start": { "line": 49, "column": 0 }, "end": { "line": 49, "column": 92 } },
      "50": { "start": { "line": 51, "column": 0 }, "end": { "line": 51, "column": 8 } },
      "51": { "start": { "line": 52, "column": 0 }, "end": { "line": 52, "column": 223 } },
      "52": { "start": { "line": 53, "column": 0 }, "end": { "line": 53, "column": 6 } },
      "53": { "start": { "line": 54, "column": 0 }, "end": { "line": 54, "column": 71 } },
      "56": { "start": { "line": 57, "column": 0 }, "end": { "line": 57, "column": 47 } },
      "58": { "start": { "line": 59, "column": 0 }, "end": { "line": 59, "column": 36 } },
      "59": { "start": { "line": 60, "column": 0 }, "end": { "line": 60, "column": 13 } },
      "60": { "start": { "line": 61, "column": 0 }, "end": { "line": 61, "column": 18 } },
      "61": { "start": { "line": 62, "column": 0 }, "end": { "line": 62, "column": 29 } },
      "62": { "start": { "line": 63, "column": 0 }, "end": { "line": 63, "column": 31 } },
      "63": { "start": { "line": 64, "column": 0 }, "end": { "line": 64, "column": 16 } },
      "64": { "start": { "line": 65, "column": 0 }, "end": { "line": 65, "column": 18 } },
      "65": { "start": { "line": 66, "column": 0 }, "end": { "line": 66, "column": 6 } },
      "67": { "start": { "line": 68, "column": 0 }, "end": { "line": 68, "column": 8 } },
      "68": { "start": { "line": 69, "column": 0 }, "end": { "line": 69, "column": 117 } },
      "69": { "start": { "line": 70, "column": 0 }, "end": { "line": 70, "column": 6 } },
      "71": { "start": { "line": 72, "column": 0 }, "end": { "line": 72, "column": 18 } },
      "72": { "start": { "line": 73, "column": 0 }, "end": { "line": 73, "column": 3 } },
      "77": { "start": { "line": 78, "column": 0 }, "end": { "line": 78, "column": 82 } },
      "78": { "start": { "line": 79, "column": 0 }, "end": { "line": 79, "column": 35 } },
      "79": { "start": { "line": 80, "column": 0 }, "end": { "line": 80, "column": 38 } },
      "80": { "start": { "line": 81, "column": 0 }, "end": { "line": 81, "column": 5 } },
      "83": { "start": { "line": 84, "column": 0 }, "end": { "line": 84, "column": 44 } },
      "84": { "start": { "line": 85, "column": 0 }, "end": { "line": 85, "column": 74 } },
      "86": { "start": { "line": 87, "column": 0 }, "end": { "line": 87, "column": 8 } },
      "87": { "start": { "line": 88, "column": 0 }, "end": { "line": 88, "column": 129 } },
      "88": { "start": { "line": 89, "column": 0 }, "end": { "line": 89, "column": 6 } },
      "90": { "start": { "line": 91, "column": 0 }, "end": { "line": 91, "column": 24 } },
      "91": { "start": { "line": 92, "column": 0 }, "end": { "line": 92, "column": 3 } },
      "96": { "start": { "line": 97, "column": 0 }, "end": { "line": 97, "column": 79 } },
      "98": { "start": { "line": 99, "column": 0 }, "end": { "line": 99, "column": 49 } },
      "99": { "start": { "line": 100, "column": 0 }, "end": { "line": 100, "column": 42 } },
      "100": { "start": { "line": 101, "column": 0 }, "end": { "line": 101, "column": 77 } },
      "102": { "start": { "line": 103, "column": 0 }, "end": { "line": 103, "column": 8 } },
      "103": { "start": { "line": 104, "column": 0 }, "end": { "line": 104, "column": 113 } },
      "104": { "start": { "line": 105, "column": 0 }, "end": { "line": 105, "column": 6 } },
      "106": { "start": { "line": 107, "column": 0 }, "end": { "line": 107, "column": 29 } },
      "107": { "start": { "line": 108, "column": 0 }, "end": { "line": 108, "column": 3 } },
      "112": { "start": { "line": 113, "column": 0 }, "end": { "line": 113, "column": 39 } },
      "113": { "start": { "line": 114, "column": 0 }, "end": { "line": 114, "column": 29 } },
      "114": { "start": { "line": 115, "column": 0 }, "end": { "line": 115, "column": 31 } },
      "115": { "start": { "line": 116, "column": 0 }, "end": { "line": 116, "column": 26 } },
      "116": { "start": { "line": 117, "column": 0 }, "end": { "line": 117, "column": 13 } },
      "117": { "start": { "line": 118, "column": 0 }, "end": { "line": 118, "column": 28 } },
      "120": { "start": { "line": 121, "column": 0 }, "end": { "line": 121, "column": 37 } },
      "121": { "start": { "line": 122, "column": 0 }, "end": { "line": 122, "column": 65 } },
      "122": { "start": { "line": 123, "column": 0 }, "end": { "line": 123, "column": 35 } },
      "123": { "start": { "line": 124, "column": 0 }, "end": { "line": 124, "column": 43 } },
      "124": { "start": { "line": 125, "column": 0 }, "end": { "line": 125, "column": 8 } },
      "125": { "start": { "line": 126, "column": 0 }, "end": { "line": 126, "column": 43 } },
      "126": { "start": { "line": 127, "column": 0 }, "end": { "line": 127, "column": 5 } },
      "129": { "start": { "line": 130, "column": 0 }, "end": { "line": 130, "column": 39 } },
      "130": { "start": { "line": 131, "column": 0 }, "end": { "line": 131, "column": 67 } },
      "131": { "start": { "line": 132, "column": 0 }, "end": { "line": 132, "column": 37 } },
      "132": { "start": { "line": 133, "column": 0 }, "end": { "line": 133, "column": 45 } },
      "133": { "start": { "line": 134, "column": 0 }, "end": { "line": 134, "column": 8 } },
      "134": { "start": { "line": 135, "column": 0 }, "end": { "line": 135, "column": 45 } },
      "135": { "start": { "line": 136, "column": 0 }, "end": { "line": 136, "column": 5 } },
      "137": { "start": { "line": 138, "column": 0 }, "end": { "line": 138, "column": 61 } },
      "139": { "start": { "line": 140, "column": 0 }, "end": { "line": 140, "column": 25 } },
      "140": { "start": { "line": 141, "column": 0 }, "end": { "line": 141, "column": 3 } },
      "145": { "start": { "line": 146, "column": 0 }, "end": { "line": 146, "column": 93 } },
      "146": { "start": { "line": 147, "column": 0 }, "end": { "line": 147, "column": 29 } },
      "148": { "start": { "line": 149, "column": 0 }, "end": { "line": 149, "column": 53 } },
      "149": { "start": { "line": 150, "column": 0 }, "end": { "line": 150, "column": 47 } },
      "150": { "start": { "line": 151, "column": 0 }, "end": { "line": 151, "column": 73 } },
      "152": { "start": { "line": 153, "column": 0 }, "end": { "line": 153, "column": 61 } },
      "153": { "start": { "line": 154, "column": 0 }, "end": { "line": 154, "column": 71 } },
      "155": { "start": { "line": 156, "column": 0 }, "end": { "line": 156, "column": 77 } },
      "156": { "start": { "line": 157, "column": 0 }, "end": { "line": 157, "column": 66 } },
      "157": { "start": { "line": 158, "column": 0 }, "end": { "line": 158, "column": 9 } },
      "158": { "start": { "line": 159, "column": 0 }, "end": { "line": 159, "column": 7 } },
      "159": { "start": { "line": 160, "column": 0 }, "end": { "line": 160, "column": 5 } },
      "161": { "start": { "line": 162, "column": 0 }, "end": { "line": 162, "column": 28 } },
      "162": { "start": { "line": 163, "column": 0 }, "end": { "line": 163, "column": 3 } },
      "167": { "start": { "line": 168, "column": 0 }, "end": { "line": 168, "column": 92 } },
      "169": { "start": { "line": 170, "column": 0 }, "end": { "line": 170, "column": 58 } },
      "170": { "start": { "line": 171, "column": 0 }, "end": { "line": 171, "column": 68 } },
      "171": { "start": { "line": 172, "column": 0 }, "end": { "line": 172, "column": 72 } },
      "172": { "start": { "line": 173, "column": 0 }, "end": { "line": 173, "column": 66 } },
      "174": { "start": { "line": 175, "column": 0 }, "end": { "line": 175, "column": 8 } },
      "175": { "start": { "line": 176, "column": 0 }, "end": { "line": 176, "column": 148 } },
      "176": { "start": { "line": 177, "column": 0 }, "end": { "line": 177, "column": 6 } },
      "178": { "start": { "line": 179, "column": 0 }, "end": { "line": 179, "column": 22 } },
      "179": { "start": { "line": 180, "column": 0 }, "end": { "line": 180, "column": 3 } },
      "184": { "start": { "line": 185, "column": 0 }, "end": { "line": 185, "column": 25 } },
      "185": { "start": { "line": 186, "column": 0 }, "end": { "line": 186, "column": 44 } },
      "186": { "start": { "line": 187, "column": 0 }, "end": { "line": 187, "column": 46 } },
      "187": { "start": { "line": 188, "column": 0 }, "end": { "line": 188, "column": 34 } },
      "188": { "start": { "line": 189, "column": 0 }, "end": { "line": 189, "column": 13 } },
      "194": { "start": { "line": 195, "column": 0 }, "end": { "line": 195, "column": 38 } },
      "196": { "start": { "line": 197, "column": 0 }, "end": { "line": 197, "column": 48 } },
      "198": { "start": { "line": 199, "column": 0 }, "end": { "line": 199, "column": 17 } },
      "199": { "start": { "line": 200, "column": 0 }, "end": { "line": 200, "column": 3 } },
      "204": { "start": { "line": 205, "column": 0 }, "end": { "line": 205, "column": 26 } },
      "205": { "start": { "line": 206, "column": 0 }, "end": { "line": 206, "column": 27 } },
      "206": { "start": { "line": 207, "column": 0 }, "end": { "line": 207, "column": 24 } },
      "207": { "start": { "line": 208, "column": 0 }, "end": { "line": 208, "column": 47 } },
      "208": { "start": { "line": 209, "column": 0 }, "end": { "line": 209, "column": 13 } },
      "209": { "start": { "line": 210, "column": 0 }, "end": { "line": 210, "column": 24 } },
      "210": { "start": { "line": 211, "column": 0 }, "end": { "line": 211, "column": 100 } },
      "212": { "start": { "line": 213, "column": 0 }, "end": { "line": 213, "column": 83 } },
      "214": { "start": { "line": 215, "column": 0 }, "end": { "line": 215, "column": 24 } },
      "215": { "start": { "line": 216, "column": 0 }, "end": { "line": 216, "column": 3 } },
      "220": { "start": { "line": 221, "column": 0 }, "end": { "line": 221, "column": 31 } },
      "221": { "start": { "line": 222, "column": 0 }, "end": { "line": 222, "column": 25 } },
      "222": { "start": { "line": 223, "column": 0 }, "end": { "line": 223, "column": 36 } },
      "223": { "start": { "line": 224, "column": 0 }, "end": { "line": 224, "column": 13 } },
      "224": { "start": { "line": 225, "column": 0 }, "end": { "line": 225, "column": 63 } },
      "226": { "start": { "line": 227, "column": 0 }, "end": { "line": 227, "column": 85 } },
      "228": { "start": { "line": 229, "column": 0 }, "end": { "line": 229, "column": 23 } },
      "229": { "start": { "line": 230, "column": 0 }, "end": { "line": 230, "column": 3 } },
      "234": { "start": { "line": 235, "column": 0 }, "end": { "line": 235, "column": 22 } },
      "235": { "start": { "line": 236, "column": 0 }, "end": { "line": 236, "column": 29 } },
      "236": { "start": { "line": 237, "column": 0 }, "end": { "line": 237, "column": 27 } },
      "237": { "start": { "line": 238, "column": 0 }, "end": { "line": 238, "column": 23 } },
      "257": { "start": { "line": 258, "column": 0 }, "end": { "line": 258, "column": 5 } },
      "258": { "start": { "line": 259, "column": 0 }, "end": { "line": 259, "column": 52 } },
      "259": { "start": { "line": 260, "column": 0 }, "end": { "line": 260, "column": 32 } },
      "260": { "start": { "line": 261, "column": 0 }, "end": { "line": 261, "column": 31 } },
      "261": { "start": { "line": 262, "column": 0 }, "end": { "line": 262, "column": 6 } },
      "262": { "start": { "line": 263, "column": 0 }, "end": { "line": 263, "column": 62 } },
      "263": { "start": { "line": 264, "column": 0 }, "end": { "line": 264, "column": 30 } },
      "264": { "start": { "line": 265, "column": 0 }, "end": { "line": 265, "column": 27 } },
      "265": { "start": { "line": 266, "column": 0 }, "end": { "line": 266, "column": 6 } },
      "266": { "start": { "line": 267, "column": 0 }, "end": { "line": 267, "column": 76 } },
      "267": { "start": { "line": 268, "column": 0 }, "end": { "line": 268, "column": 77 } },
      "269": { "start": { "line": 270, "column": 0 }, "end": { "line": 270, "column": 12 } },
      "270": { "start": { "line": 271, "column": 0 }, "end": { "line": 271, "column": 23 } },
      "271": { "start": { "line": 272, "column": 0 }, "end": { "line": 272, "column": 51 } },
      "272": { "start": { "line": 273, "column": 0 }, "end": { "line": 273, "column": 52 } },
      "273": { "start": { "line": 274, "column": 0 }, "end": { "line": 274, "column": 76 } },
      "274": { "start": { "line": 275, "column": 0 }, "end": { "line": 275, "column": 21 } },
      "275": { "start": { "line": 276, "column": 0 }, "end": { "line": 276, "column": 8 } },
      "276": { "start": { "line": 277, "column": 0 }, "end": { "line": 277, "column": 28 } },
      "277": { "start": { "line": 278, "column": 0 }, "end": { "line": 278, "column": 47 } },
      "278": { "start": { "line": 279, "column": 0 }, "end": { "line": 279, "column": 44 } },
      "279": { "start": { "line": 280, "column": 0 }, "end": { "line": 280, "column": 77 } },
      "280": { "start": { "line": 281, "column": 0 }, "end": { "line": 281, "column": 26 } },
      "281": { "start": { "line": 282, "column": 0 }, "end": { "line": 282, "column": 8 } },
      "282": { "start": { "line": 283, "column": 0 }, "end": { "line": 283, "column": 28 } },
      "283": { "start": { "line": 284, "column": 0 }, "end": { "line": 284, "column": 20 } },
      "284": { "start": { "line": 285, "column": 0 }, "end": { "line": 285, "column": 19 } },
      "285": { "start": { "line": 286, "column": 0 }, "end": { "line": 286, "column": 21 } },
      "286": { "start": { "line": 287, "column": 0 }, "end": { "line": 287, "column": 8 } },
      "287": { "start": { "line": 288, "column": 0 }, "end": { "line": 288, "column": 72 } },
      "288": { "start": { "line": 289, "column": 0 }, "end": { "line": 289, "column": 6 } },
      "289": { "start": { "line": 290, "column": 0 }, "end": { "line": 290, "column": 3 } },
      "290": { "start": { "line": 291, "column": 0 }, "end": { "line": 291, "column": 1 } }
    },
    "s": {
      "0": 1,
      "13": 1,
      "14": 1,
      "15": 1,
      "20": 1,
      "21": 2,
      "22": 2,
      "23": 2,
      "24": 2,
      "25": 2,
      "26": 2,
      "27": 2,
      "30": 2,
      "31": 2,
      "32": 2,
      "33": 2,
      "36": 2,
      "37": 2,
      "38": 2,
      "39": 2,
      "42": 2,
      "45": 2,
      "48": 2,
      "50": 2,
      "51": 2,
      "52": 2,
      "53": 2,
      "56": 2,
      "58": 2,
      "59": 2,
      "60": 2,
      "61": 2,
      "62": 2,
      "63": 2,
      "64": 2,
      "65": 2,
      "67": 2,
      "68": 2,
      "69": 2,
      "71": 2,
      "72": 2,
      "77": 1,
      "78": 2,
      "79": 0,
      "80": 0,
      "83": 2,
      "84": 2,
      "86": 2,
      "87": 2,
      "88": 2,
      "90": 2,
      "91": 2,
      "96": 1,
      "98": 2,
      "99": 2,
      "100": 2,
      "102": 2,
      "103": 2,
      "104": 2,
      "106": 2,
      "107": 2,
      "112": 1,
      "113": 2,
      "114": 2,
      "115": 2,
      "116": 2,
      "117": 2,
      "120": 2,
      "121": 0,
      "122": 0,
      "123": 0,
      "124": 0,
      "125": 0,
      "126": 0,
      "129": 2,
      "130": 0,
      "131": 0,
      "132": 0,
      "133": 0,
      "134": 0,
      "135": 0,
      "137": 2,
      "139": 2,
      "140": 2,
      "145": 1,
      "146": 0,
      "148": 0,
      "149": 0,
      "150": 0,
      "152": 0,
      "153": 0,
      "155": 0,
      "156": 0,
      "157": 0,
      "158": 0,
      "159": 0,
      "161": 0,
      "162": 0,
      "167": 1,
      "169": 2,
      "170": 2,
      "171": 2,
      "172": 2,
      "174": 2,
      "175": 2,
      "176": 2,
      "178": 2,
      "179": 2,
      "184": 1,
      "185": 2,
      "186": 2,
      "187": 2,
      "188": 2,
      "194": 2,
      "196": 2,
      "198": 2,
      "199": 2,
      "204": 1,
      "205": 0,
      "206": 0,
      "207": 0,
      "208": 0,
      "209": 0,
      "210": 0,
      "212": 0,
      "214": 0,
      "215": 0,
      "220": 1,
      "221": 0,
      "222": 0,
      "223": 0,
      "224": 0,
      "226": 0,
      "228": 0,
      "229": 0,
      "234": 1,
      "235": 0,
      "236": 0,
      "237": 0,
      "257": 0,
      "258": 0,
      "259": 0,
      "260": 0,
      "261": 0,
      "262": 0,
      "263": 0,
      "264": 0,
      "265": 0,
      "266": 0,
      "267": 0,
      "269": 0,
      "270": 0,
      "271": 0,
      "272": 0,
      "273": 0,
      "274": 0,
      "275": 0,
      "276": 0,
      "277": 0,
      "278": 0,
      "279": 0,
      "280": 0,
      "281": 0,
      "282": 0,
      "283": 0,
      "284": 0,
      "285": 0,
      "286": 0,
      "287": 0,
      "288": 0,
      "289": 0,
      "290": 1
    },
    "branchMap": {
      "0": {
        "type": "branch",
        "line": 14,
        "loc": { "start": { "line": 14, "column": 30 }, "end": { "line": 291, "column": 1 } },
        "locations": [
          { "start": { "line": 14, "column": 30 }, "end": { "line": 291, "column": 1 } }
        ]
      },
      "1": {
        "type": "branch",
        "line": 21,
        "loc": { "start": { "line": 21, "column": 2 }, "end": { "line": 73, "column": 3 } },
        "locations": [{ "start": { "line": 21, "column": 2 }, "end": { "line": 73, "column": 3 } }]
      },
      "2": {
        "type": "branch",
        "line": 69,
        "loc": { "start": { "line": 69, "column": 36 }, "end": { "line": 69, "column": 57 } },
        "locations": [
          { "start": { "line": 69, "column": 36 }, "end": { "line": 69, "column": 57 } }
        ]
      },
      "3": {
        "type": "branch",
        "line": 78,
        "loc": { "start": { "line": 78, "column": 10 }, "end": { "line": 92, "column": 3 } },
        "locations": [{ "start": { "line": 78, "column": 10 }, "end": { "line": 92, "column": 3 } }]
      },
      "4": {
        "type": "branch",
        "line": 79,
        "loc": { "start": { "line": 79, "column": 34 }, "end": { "line": 81, "column": 5 } },
        "locations": [{ "start": { "line": 79, "column": 34 }, "end": { "line": 81, "column": 5 } }]
      },
      "5": {
        "type": "branch",
        "line": 97,
        "loc": { "start": { "line": 97, "column": 10 }, "end": { "line": 108, "column": 3 } },
        "locations": [
          { "start": { "line": 97, "column": 10 }, "end": { "line": 108, "column": 3 } }
        ]
      },
      "6": {
        "type": "branch",
        "line": 113,
        "loc": { "start": { "line": 113, "column": 10 }, "end": { "line": 141, "column": 3 } },
        "locations": [
          { "start": { "line": 113, "column": 10 }, "end": { "line": 141, "column": 3 } }
        ]
      },
      "7": {
        "type": "branch",
        "line": 121,
        "loc": { "start": { "line": 121, "column": 36 }, "end": { "line": 127, "column": 5 } },
        "locations": [
          { "start": { "line": 121, "column": 36 }, "end": { "line": 127, "column": 5 } }
        ]
      },
      "8": {
        "type": "branch",
        "line": 130,
        "loc": { "start": { "line": 130, "column": 38 }, "end": { "line": 136, "column": 5 } },
        "locations": [
          { "start": { "line": 130, "column": 38 }, "end": { "line": 136, "column": 5 } }
        ]
      },
      "9": {
        "type": "branch",
        "line": 168,
        "loc": { "start": { "line": 168, "column": 2 }, "end": { "line": 180, "column": 3 } },
        "locations": [
          { "start": { "line": 168, "column": 2 }, "end": { "line": 180, "column": 3 } }
        ]
      },
      "10": {
        "type": "branch",
        "line": 185,
        "loc": { "start": { "line": 185, "column": 2 }, "end": { "line": 200, "column": 3 } },
        "locations": [
          { "start": { "line": 185, "column": 2 }, "end": { "line": 200, "column": 3 } }
        ]
      }
    },
    "b": {
      "0": [1],
      "1": [2],
      "2": [0],
      "3": [2],
      "4": [0],
      "5": [2],
      "6": [2],
      "7": [0],
      "8": [0],
      "9": [2],
      "10": [2]
    },
    "fnMap": {
      "0": {
        "name": "<instance_members_initializer>",
        "decl": { "start": { "line": 14, "column": 30 }, "end": { "line": 291, "column": 1 } },
        "loc": { "start": { "line": 14, "column": 30 }, "end": { "line": 291, "column": 1 } },
        "line": 14
      },
      "1": {
        "name": "detectReaction",
        "decl": { "start": { "line": 21, "column": 2 }, "end": { "line": 73, "column": 3 } },
        "loc": { "start": { "line": 21, "column": 2 }, "end": { "line": 73, "column": 3 } },
        "line": 21
      },
      "2": {
        "name": "calculateEnergyFactor",
        "decl": { "start": { "line": 78, "column": 10 }, "end": { "line": 92, "column": 3 } },
        "loc": { "start": { "line": 78, "column": 10 }, "end": { "line": 92, "column": 3 } },
        "line": 78
      },
      "3": {
        "name": "calculateOrientationFactor",
        "decl": { "start": { "line": 97, "column": 10 }, "end": { "line": 108, "column": 3 } },
        "loc": { "start": { "line": 97, "column": 10 }, "end": { "line": 108, "column": 3 } },
        "line": 97
      },
      "4": {
        "name": "calculateCompatibilityFactor",
        "decl": { "start": { "line": 113, "column": 10 }, "end": { "line": 141, "column": 3 } },
        "loc": { "start": { "line": 113, "column": 10 }, "end": { "line": 141, "column": 3 } },
        "line": 113
      },
      "5": {
        "name": "checkFeatureCompatibility",
        "decl": { "start": { "line": 146, "column": 10 }, "end": { "line": 163, "column": 3 } },
        "loc": { "start": { "line": 146, "column": 10 }, "end": { "line": 163, "column": 3 } },
        "line": 146
      },
      "6": {
        "name": "calculateCollisionEnergy",
        "decl": { "start": { "line": 168, "column": 2 }, "end": { "line": 180, "column": 3 } },
        "loc": { "start": { "line": 168, "column": 2 }, "end": { "line": 180, "column": 3 } },
        "line": 168
      },
      "7": {
        "name": "calculateApproachAngle",
        "decl": { "start": { "line": 185, "column": 2 }, "end": { "line": 200, "column": 3 } },
        "loc": { "start": { "line": 185, "column": 2 }, "end": { "line": 200, "column": 3 } },
        "line": 185
      },
      "8": {
        "name": "getReactionRateConstant",
        "decl": { "start": { "line": 205, "column": 2 }, "end": { "line": 216, "column": 3 } },
        "loc": { "start": { "line": 205, "column": 2 }, "end": { "line": 216, "column": 3 } },
        "line": 205
      },
      "9": {
        "name": "calculateReactionProbability",
        "decl": { "start": { "line": 221, "column": 2 }, "end": { "line": 230, "column": 3 } },
        "loc": { "start": { "line": 221, "column": 2 }, "end": { "line": 230, "column": 3 } },
        "line": 221
      },
      "10": {
        "name": "getReactionAnalysis",
        "decl": { "start": { "line": 235, "column": 2 }, "end": { "line": 290, "column": 3 } },
        "loc": { "start": { "line": 235, "column": 2 }, "end": { "line": 290, "column": 3 } },
        "line": 235
      }
    },
    "f": { "0": 1, "1": 2, "2": 2, "3": 2, "4": 2, "5": 0, "6": 2, "7": 2, "8": 0, "9": 0, "10": 0 }
  },
  "/home/admini/molMod/src/events/ReactionEventBus.ts": {
    "path": "/home/admini/molMod/src/events/ReactionEventBus.ts",
    "all": false,
    "statementMap": {
      "0": { "start": { "line": 1, "column": 0 }, "end": { "line": 1, "column": 37 } },
      "134": { "start": { "line": 135, "column": 0 }, "end": { "line": 135, "column": 31 } },
      "135": { "start": { "line": 136, "column": 0 }, "end": { "line": 136, "column": 79 } },
      "136": { "start": { "line": 137, "column": 0 }, "end": { "line": 137, "column": 49 } },
      "137": { "start": { "line": 138, "column": 0 }, "end": { "line": 138, "column": 39 } },
      "138": { "start": { "line": 139, "column": 0 }, "end": { "line": 139, "column": 39 } },
      "140": { "start": { "line": 141, "column": 0 }, "end": { "line": 141, "column": 43 } },
      "141": { "start": { "line": 142, "column": 0 }, "end": { "line": 142, "column": 33 } },
      "142": { "start": { "line": 143, "column": 0 }, "end": { "line": 143, "column": 32 } },
      "143": { "start": { "line": 144, "column": 0 }, "end": { "line": 144, "column": 43 } },
      "144": { "start": { "line": 145, "column": 0 }, "end": { "line": 145, "column": 3 } },
      "149": { "start": { "line": 150, "column": 0 }, "end": { "line": 150, "column": 40 } },
      "150": { "start": { "line": 151, "column": 0 }, "end": { "line": 151, "column": 45 } },
      "151": { "start": { "line": 152, "column": 0 }, "end": { "line": 152, "column": 24 } },
      "152": { "start": { "line": 153, "column": 0 }, "end": { "line": 153, "column": 26 } },
      "153": { "start": { "line": 154, "column": 0 }, "end": { "line": 154, "column": 27 } },
      "154": { "start": { "line": 155, "column": 0 }, "end": { "line": 155, "column": 27 } },
      "155": { "start": { "line": 156, "column": 0 }, "end": { "line": 156, "column": 25 } },
      "156": { "start": { "line": 157, "column": 0 }, "end": { "line": 157, "column": 26 } },
      "157": { "start": { "line": 158, "column": 0 }, "end": { "line": 158, "column": 27 } },
      "158": { "start": { "line": 159, "column": 0 }, "end": { "line": 159, "column": 26 } },
      "159": { "start": { "line": 160, "column": 0 }, "end": { "line": 160, "column": 27 } },
      "160": { "start": { "line": 161, "column": 0 }, "end": { "line": 161, "column": 22 } },
      "161": { "start": { "line": 162, "column": 0 }, "end": { "line": 162, "column": 6 } },
      "163": { "start": { "line": 164, "column": 0 }, "end": { "line": 164, "column": 37 } },
      "164": { "start": { "line": 165, "column": 0 }, "end": { "line": 165, "column": 39 } },
      "165": { "start": { "line": 166, "column": 0 }, "end": { "line": 166, "column": 7 } },
      "166": { "start": { "line": 167, "column": 0 }, "end": { "line": 167, "column": 3 } },
      "171": { "start": { "line": 172, "column": 0 }, "end": { "line": 172, "column": 73 } },
      "172": { "start": { "line": 173, "column": 0 }, "end": { "line": 173, "column": 56 } },
      "173": { "start": { "line": 174, "column": 0 }, "end": { "line": 174, "column": 27 } },
      "174": { "start": { "line": 175, "column": 0 }, "end": { "line": 175, "column": 43 } },
      "176": { "start": { "line": 177, "column": 0 }, "end": { "line": 177, "column": 27 } },
      "177": { "start": { "line": 178, "column": 0 }, "end": { "line": 178, "column": 52 } },
      "178": { "start": { "line": 179, "column": 0 }, "end": { "line": 179, "column": 5 } },
      "179": { "start": { "line": 180, "column": 0 }, "end": { "line": 180, "column": 3 } },
      "184": { "start": { "line": 185, "column": 0 }, "end": { "line": 185, "column": 74 } },
      "185": { "start": { "line": 186, "column": 0 }, "end": { "line": 186, "column": 56 } },
      "186": { "start": { "line": 187, "column": 0 }, "end": { "line": 187, "column": 44 } },
      "187": { "start": { "line": 188, "column": 0 }, "end": { "line": 188, "column": 21 } },
      "188": { "start": { "line": 189, "column": 0 }, "end": { "line": 189, "column": 32 } },
      "189": { "start": { "line": 190, "column": 0 }, "end": { "line": 190, "column": 45 } },
      "191": { "start": { "line": 192, "column": 0 }, "end": { "line": 192, "column": 29 } },
      "192": { "start": { "line": 193, "column": 0 }, "end": { "line": 193, "column": 51 } },
      "193": { "start": { "line": 194, "column": 0 }, "end": { "line": 194, "column": 7 } },
      "194": { "start": { "line": 195, "column": 0 }, "end": { "line": 195, "column": 5 } },
      "195": { "start": { "line": 196, "column": 0 }, "end": { "line": 196, "column": 3 } },
      "200": { "start": { "line": 201, "column": 0 }, "end": { "line": 201, "column": 40 } },
      "201": { "start": { "line": 202, "column": 0 }, "end": { "line": 202, "column": 57 } },
      "204": { "start": { "line": 205, "column": 0 }, "end": { "line": 205, "column": 29 } },
      "207": { "start": { "line": 208, "column": 0 }, "end": { "line": 208, "column": 27 } },
      "208": { "start": { "line": 209, "column": 0 }, "end": { "line": 209, "column": 52 } },
      "209": { "start": { "line": 210, "column": 0 }, "end": { "line": 210, "column": 5 } },
      "212": { "start": { "line": 213, "column": 0 }, "end": { "line": 213, "column": 33 } },
      "213": { "start": { "line": 214, "column": 0 }, "end": { "line": 214, "column": 11 } },
      "214": { "start": { "line": 215, "column": 0 }, "end": { "line": 215, "column": 23 } },
      "215": { "start": { "line": 216, "column": 0 }, "end": { "line": 216, "column": 23 } },
      "216": { "start": { "line": 217, "column": 0 }, "end": { "line": 217, "column": 68 } },
      "217": { "start": { "line": 218, "column": 0 }, "end": { "line": 218, "column": 19 } },
      "218": { "start": { "line": 219, "column": 0 }, "end": { "line": 219, "column": 33 } },
      "219": { "start": { "line": 220, "column": 0 }, "end": { "line": 220, "column": 17 } },
      "220": { "start": { "line": 221, "column": 0 }, "end": { "line": 221, "column": 33 } },
      "221": { "start": { "line": 222, "column": 0 }, "end": { "line": 222, "column": 49 } },
      "222": { "start": { "line": 223, "column": 0 }, "end": { "line": 223, "column": 33 } },
      "223": { "start": { "line": 224, "column": 0 }, "end": { "line": 224, "column": 11 } },
      "224": { "start": { "line": 225, "column": 0 }, "end": { "line": 225, "column": 11 } },
      "225": { "start": { "line": 226, "column": 0 }, "end": { "line": 226, "column": 7 } },
      "226": { "start": { "line": 227, "column": 0 }, "end": { "line": 227, "column": 7 } },
      "227": { "start": { "line": 228, "column": 0 }, "end": { "line": 228, "column": 3 } },
      "232": { "start": { "line": 233, "column": 0 }, "end": { "line": 233, "column": 56 } },
      "233": { "start": { "line": 234, "column": 0 }, "end": { "line": 234, "column": 34 } },
      "236": { "start": { "line": 237, "column": 0 }, "end": { "line": 237, "column": 57 } },
      "237": { "start": { "line": 238, "column": 0 }, "end": { "line": 238, "column": 32 } },
      "238": { "start": { "line": 239, "column": 0 }, "end": { "line": 239, "column": 5 } },
      "239": { "start": { "line": 240, "column": 0 }, "end": { "line": 240, "column": 3 } },
      "244": { "start": { "line": 245, "column": 0 }, "end": { "line": 245, "column": 37 } },
      "245": { "start": { "line": 246, "column": 0 }, "end": { "line": 246, "column": 34 } },
      "246": { "start": { "line": 247, "column": 0 }, "end": { "line": 247, "column": 3 } },
      "251": { "start": { "line": 252, "column": 0 }, "end": { "line": 252, "column": 70 } },
      "252": { "start": { "line": 253, "column": 0 }, "end": { "line": 253, "column": 71 } },
      "253": { "start": { "line": 254, "column": 0 }, "end": { "line": 254, "column": 3 } },
      "258": { "start": { "line": 259, "column": 0 }, "end": { "line": 259, "column": 24 } },
      "259": { "start": { "line": 260, "column": 0 }, "end": { "line": 260, "column": 27 } },
      "260": { "start": { "line": 261, "column": 0 }, "end": { "line": 261, "column": 36 } },
      "261": { "start": { "line": 262, "column": 0 }, "end": { "line": 262, "column": 3 } },
      "266": { "start": { "line": 267, "column": 0 }, "end": { "line": 267, "column": 57 } },
      "267": { "start": { "line": 268, "column": 0 }, "end": { "line": 268, "column": 53 } },
      "268": { "start": { "line": 269, "column": 0 }, "end": { "line": 269, "column": 3 } },
      "273": { "start": { "line": 274, "column": 0 }, "end": { "line": 274, "column": 50 } },
      "274": { "start": { "line": 275, "column": 0 }, "end": { "line": 275, "column": 44 } },
      "275": { "start": { "line": 276, "column": 0 }, "end": { "line": 276, "column": 3 } },
      "280": { "start": { "line": 281, "column": 0 }, "end": { "line": 281, "column": 40 } },
      "281": { "start": { "line": 282, "column": 0 }, "end": { "line": 282, "column": 31 } },
      "282": { "start": { "line": 283, "column": 0 }, "end": { "line": 283, "column": 61 } },
      "283": { "start": { "line": 284, "column": 0 }, "end": { "line": 284, "column": 3 } },
      "288": { "start": { "line": 289, "column": 0 }, "end": { "line": 289, "column": 75 } },
      "289": { "start": { "line": 290, "column": 0 }, "end": { "line": 290, "column": 55 } },
      "290": { "start": { "line": 291, "column": 0 }, "end": { "line": 291, "column": 21 } },
      "291": { "start": { "line": 292, "column": 0 }, "end": { "line": 292, "column": 39 } },
      "292": { "start": { "line": 293, "column": 0 }, "end": { "line": 293, "column": 6 } },
      "294": { "start": { "line": 295, "column": 0 }, "end": { "line": 295, "column": 36 } },
      "295": { "start": { "line": 296, "column": 0 }, "end": { "line": 296, "column": 3 } },
      "300": { "start": { "line": 301, "column": 0 }, "end": { "line": 301, "column": 98 } },
      "301": { "start": { "line": 302, "column": 0 }, "end": { "line": 302, "column": 45 } },
      "302": { "start": { "line": 303, "column": 0 }, "end": { "line": 303, "column": 42 } },
      "303": { "start": { "line": 304, "column": 0 }, "end": { "line": 304, "column": 62 } },
      "304": { "start": { "line": 305, "column": 0 }, "end": { "line": 305, "column": 18 } },
      "306": { "start": { "line": 307, "column": 0 }, "end": { "line": 307, "column": 39 } },
      "307": { "start": { "line": 308, "column": 0 }, "end": { "line": 308, "column": 32 } },
      "308": { "start": { "line": 309, "column": 0 }, "end": { "line": 309, "column": 23 } },
      "309": { "start": { "line": 310, "column": 0 }, "end": { "line": 310, "column": 9 } },
      "310": { "start": { "line": 311, "column": 0 }, "end": { "line": 311, "column": 7 } },
      "311": { "start": { "line": 312, "column": 0 }, "end": { "line": 312, "column": 3 } },
      "316": { "start": { "line": 317, "column": 0 }, "end": { "line": 317, "column": 116 } },
      "317": { "start": { "line": 318, "column": 0 }, "end": { "line": 318, "column": 15 } },
      "318": { "start": { "line": 319, "column": 0 }, "end": { "line": 319, "column": 30 } },
      "319": { "start": { "line": 320, "column": 0 }, "end": { "line": 320, "column": 24 } },
      "320": { "start": { "line": 321, "column": 0 }, "end": { "line": 321, "column": 7 } },
      "321": { "start": { "line": 322, "column": 0 }, "end": { "line": 322, "column": 3 } },
      "326": { "start": { "line": 327, "column": 0 }, "end": { "line": 327, "column": 166 } },
      "327": { "start": { "line": 328, "column": 0 }, "end": { "line": 328, "column": 15 } },
      "328": { "start": { "line": 329, "column": 0 }, "end": { "line": 329, "column": 32 } },
      "329": { "start": { "line": 330, "column": 0 }, "end": { "line": 330, "column": 68 } },
      "330": { "start": { "line": 331, "column": 0 }, "end": { "line": 331, "column": 7 } },
      "331": { "start": { "line": 332, "column": 0 }, "end": { "line": 332, "column": 3 } },
      "336": { "start": { "line": 337, "column": 0 }, "end": { "line": 337, "column": 105 } },
      "337": { "start": { "line": 338, "column": 0 }, "end": { "line": 338, "column": 15 } },
      "338": { "start": { "line": 339, "column": 0 }, "end": { "line": 339, "column": 33 } },
      "339": { "start": { "line": 340, "column": 0 }, "end": { "line": 340, "column": 64 } },
      "340": { "start": { "line": 341, "column": 0 }, "end": { "line": 341, "column": 7 } },
      "341": { "start": { "line": 342, "column": 0 }, "end": { "line": 342, "column": 3 } },
      "346": { "start": { "line": 347, "column": 0 }, "end": { "line": 347, "column": 108 } },
      "347": { "start": { "line": 348, "column": 0 }, "end": { "line": 348, "column": 15 } },
      "348": { "start": { "line": 349, "column": 0 }, "end": { "line": 349, "column": 33 } },
      "349": { "start": { "line": 350, "column": 0 }, "end": { "line": 350, "column": 67 } },
      "350": { "start": { "line": 351, "column": 0 }, "end": { "line": 351, "column": 7 } },
      "351": { "start": { "line": 352, "column": 0 }, "end": { "line": 352, "column": 3 } },
      "356": { "start": { "line": 357, "column": 0 }, "end": { "line": 357, "column": 91 } },
      "357": { "start": { "line": 358, "column": 0 }, "end": { "line": 358, "column": 15 } },
      "358": { "start": { "line": 359, "column": 0 }, "end": { "line": 359, "column": 31 } },
      "359": { "start": { "line": 360, "column": 0 }, "end": { "line": 360, "column": 52 } },
      "360": { "start": { "line": 361, "column": 0 }, "end": { "line": 361, "column": 7 } },
      "361": { "start": { "line": 362, "column": 0 }, "end": { "line": 362, "column": 3 } },
      "366": { "start": { "line": 367, "column": 0 }, "end": { "line": 367, "column": 69 } },
      "367": { "start": { "line": 368, "column": 0 }, "end": { "line": 368, "column": 15 } },
      "368": { "start": { "line": 369, "column": 0 }, "end": { "line": 369, "column": 32 } },
      "369": { "start": { "line": 370, "column": 0 }, "end": { "line": 370, "column": 37 } },
      "370": { "start": { "line": 371, "column": 0 }, "end": { "line": 371, "column": 7 } },
      "371": { "start": { "line": 372, "column": 0 }, "end": { "line": 372, "column": 3 } },
      "376": { "start": { "line": 377, "column": 0 }, "end": { "line": 377, "column": 91 } },
      "377": { "start": { "line": 378, "column": 0 }, "end": { "line": 378, "column": 15 } },
      "378": { "start": { "line": 379, "column": 0 }, "end": { "line": 379, "column": 33 } },
      "379": { "start": { "line": 380, "column": 0 }, "end": { "line": 380, "column": 47 } },
      "380": { "start": { "line": 381, "column": 0 }, "end": { "line": 381, "column": 7 } },
      "381": { "start": { "line": 382, "column": 0 }, "end": { "line": 382, "column": 3 } },
      "386": { "start": { "line": 387, "column": 0 }, "end": { "line": 387, "column": 46 } },
      "387": { "start": { "line": 388, "column": 0 }, "end": { "line": 388, "column": 15 } },
      "388": { "start": { "line": 389, "column": 0 }, "end": { "line": 389, "column": 32 } },
      "389": { "start": { "line": 390, "column": 0 }, "end": { "line": 390, "column": 45 } },
      "390": { "start": { "line": 391, "column": 0 }, "end": { "line": 391, "column": 7 } },
      "391": { "start": { "line": 392, "column": 0 }, "end": { "line": 392, "column": 3 } },
      "396": { "start": { "line": 397, "column": 0 }, "end": { "line": 397, "column": 33 } },
      "397": { "start": { "line": 398, "column": 0 }, "end": { "line": 398, "column": 15 } },
      "398": { "start": { "line": 399, "column": 0 }, "end": { "line": 399, "column": 33 } },
      "399": { "start": { "line": 400, "column": 0 }, "end": { "line": 400, "column": 37 } },
      "400": { "start": { "line": 401, "column": 0 }, "end": { "line": 401, "column": 7 } },
      "401": { "start": { "line": 402, "column": 0 }, "end": { "line": 402, "column": 3 } },
      "406": { "start": { "line": 407, "column": 0 }, "end": { "line": 407, "column": 59 } },
      "407": { "start": { "line": 408, "column": 0 }, "end": { "line": 408, "column": 15 } },
      "408": { "start": { "line": 409, "column": 0 }, "end": { "line": 409, "column": 29 } },
      "409": { "start": { "line": 410, "column": 0 }, "end": { "line": 410, "column": 53 } },
      "410": { "start": { "line": 411, "column": 0 }, "end": { "line": 411, "column": 7 } },
      "411": { "start": { "line": 412, "column": 0 }, "end": { "line": 412, "column": 3 } },
      "416": { "start": { "line": 417, "column": 0 }, "end": { "line": 417, "column": 19 } },
      "417": { "start": { "line": 418, "column": 0 }, "end": { "line": 418, "column": 26 } },
      "418": { "start": { "line": 419, "column": 0 }, "end": { "line": 419, "column": 27 } },
      "419": { "start": { "line": 420, "column": 0 }, "end": { "line": 420, "column": 40 } },
      "420": { "start": { "line": 421, "column": 0 }, "end": { "line": 421, "column": 3 } },
      "421": { "start": { "line": 422, "column": 0 }, "end": { "line": 422, "column": 1 } },
      "426": { "start": { "line": 427, "column": 0 }, "end": { "line": 427, "column": 91 } }
    },
    "s": {
      "0": 1,
      "134": 1,
      "135": 1,
      "136": 1,
      "137": 1,
      "138": 1,
      "140": 1,
      "141": 1,
      "142": 1,
      "143": 1,
      "144": 1,
      "149": 1,
      "150": 1,
      "151": 1,
      "152": 1,
      "153": 1,
      "154": 1,
      "155": 1,
      "156": 1,
      "157": 1,
      "158": 1,
      "159": 1,
      "160": 1,
      "161": 1,
      "163": 1,
      "164": 10,
      "165": 1,
      "166": 1,
      "171": 1,
      "172": 0,
      "173": 0,
      "174": 0,
      "176": 0,
      "177": 0,
      "178": 0,
      "179": 0,
      "184": 1,
      "185": 0,
      "186": 0,
      "187": 0,
      "188": 0,
      "189": 0,
      "191": 0,
      "192": 0,
      "193": 0,
      "194": 0,
      "195": 0,
      "200": 1,
      "201": 2,
      "204": 2,
      "207": 2,
      "208": 2,
      "209": 2,
      "212": 2,
      "213": 0,
      "214": 0,
      "215": 0,
      "216": 0,
      "217": 0,
      "218": 0,
      "219": 0,
      "220": 0,
      "221": 0,
      "222": 0,
      "223": 0,
      "224": 0,
      "225": 0,
      "226": 2,
      "227": 2,
      "232": 1,
      "233": 2,
      "236": 2,
      "237": 0,
      "238": 0,
      "239": 2,
      "244": 1,
      "245": 0,
      "246": 0,
      "251": 1,
      "252": 0,
      "253": 0,
      "258": 1,
      "259": 0,
      "260": 0,
      "261": 0,
      "266": 1,
      "267": 0,
      "268": 0,
      "273": 1,
      "274": 0,
      "275": 0,
      "280": 1,
      "281": 0,
      "282": 0,
      "283": 0,
      "288": 1,
      "289": 0,
      "290": 0,
      "291": 0,
      "292": 0,
      "294": 0,
      "295": 0,
      "300": 1,
      "301": 0,
      "302": 0,
      "303": 0,
      "304": 0,
      "306": 0,
      "307": 0,
      "308": 0,
      "309": 0,
      "310": 0,
      "311": 0,
      "316": 1,
      "317": 0,
      "318": 0,
      "319": 0,
      "320": 0,
      "321": 0,
      "326": 1,
      "327": 0,
      "328": 0,
      "329": 0,
      "330": 0,
      "331": 0,
      "336": 1,
      "337": 0,
      "338": 0,
      "339": 0,
      "340": 0,
      "341": 0,
      "346": 1,
      "347": 2,
      "348": 2,
      "349": 2,
      "350": 2,
      "351": 2,
      "356": 1,
      "357": 0,
      "358": 0,
      "359": 0,
      "360": 0,
      "361": 0,
      "366": 1,
      "367": 0,
      "368": 0,
      "369": 0,
      "370": 0,
      "371": 0,
      "376": 1,
      "377": 0,
      "378": 0,
      "379": 0,
      "380": 0,
      "381": 0,
      "386": 1,
      "387": 0,
      "388": 0,
      "389": 0,
      "390": 0,
      "391": 0,
      "396": 1,
      "397": 0,
      "398": 0,
      "399": 0,
      "400": 0,
      "401": 0,
      "406": 1,
      "407": 0,
      "408": 0,
      "409": 0,
      "410": 0,
      "411": 0,
      "416": 1,
      "417": 0,
      "418": 0,
      "419": 0,
      "420": 0,
      "421": 1,
      "426": 1
    },
    "branchMap": {
      "0": {
        "type": "branch",
        "line": 135,
        "loc": { "start": { "line": 135, "column": 30 }, "end": { "line": 422, "column": 1 } },
        "locations": [
          { "start": { "line": 135, "column": 30 }, "end": { "line": 422, "column": 1 } }
        ]
      },
      "1": {
        "type": "branch",
        "line": 141,
        "loc": { "start": { "line": 141, "column": 2 }, "end": { "line": 145, "column": 3 } },
        "locations": [
          { "start": { "line": 141, "column": 2 }, "end": { "line": 145, "column": 3 } }
        ]
      },
      "2": {
        "type": "branch",
        "line": 150,
        "loc": { "start": { "line": 150, "column": 10 }, "end": { "line": 167, "column": 3 } },
        "locations": [
          { "start": { "line": 150, "column": 10 }, "end": { "line": 167, "column": 3 } }
        ]
      },
      "3": {
        "type": "branch",
        "line": 164,
        "loc": { "start": { "line": 164, "column": 23 }, "end": { "line": 166, "column": 5 } },
        "locations": [
          { "start": { "line": 164, "column": 23 }, "end": { "line": 166, "column": 5 } }
        ]
      },
      "4": {
        "type": "branch",
        "line": 201,
        "loc": { "start": { "line": 201, "column": 2 }, "end": { "line": 228, "column": 3 } },
        "locations": [
          { "start": { "line": 201, "column": 2 }, "end": { "line": 228, "column": 3 } }
        ]
      },
      "5": {
        "type": "branch",
        "line": 202,
        "loc": { "start": { "line": 202, "column": 49 }, "end": { "line": 202, "column": 57 } },
        "locations": [
          { "start": { "line": 202, "column": 49 }, "end": { "line": 202, "column": 57 } }
        ]
      },
      "6": {
        "type": "branch",
        "line": 233,
        "loc": { "start": { "line": 233, "column": 10 }, "end": { "line": 240, "column": 3 } },
        "locations": [
          { "start": { "line": 233, "column": 10 }, "end": { "line": 240, "column": 3 } }
        ]
      },
      "7": {
        "type": "branch",
        "line": 237,
        "loc": { "start": { "line": 237, "column": 56 }, "end": { "line": 239, "column": 5 } },
        "locations": [
          { "start": { "line": 237, "column": 56 }, "end": { "line": 239, "column": 5 } }
        ]
      },
      "8": {
        "type": "branch",
        "line": 347,
        "loc": { "start": { "line": 347, "column": 2 }, "end": { "line": 352, "column": 3 } },
        "locations": [
          { "start": { "line": 347, "column": 2 }, "end": { "line": 352, "column": 3 } }
        ]
      }
    },
    "b": {
      "0": [1],
      "1": [1],
      "2": [1],
      "3": [10],
      "4": [2],
      "5": [0],
      "6": [2],
      "7": [0],
      "8": [2]
    },
    "fnMap": {
      "0": {
        "name": "<instance_members_initializer>",
        "decl": { "start": { "line": 135, "column": 30 }, "end": { "line": 422, "column": 1 } },
        "loc": { "start": { "line": 135, "column": 30 }, "end": { "line": 422, "column": 1 } },
        "line": 135
      },
      "1": {
        "name": "ReactionEventBus",
        "decl": { "start": { "line": 141, "column": 2 }, "end": { "line": 145, "column": 3 } },
        "loc": { "start": { "line": 141, "column": 2 }, "end": { "line": 145, "column": 3 } },
        "line": 141
      },
      "2": {
        "name": "initializeEventTypes",
        "decl": { "start": { "line": 150, "column": 10 }, "end": { "line": 167, "column": 3 } },
        "loc": { "start": { "line": 150, "column": 10 }, "end": { "line": 167, "column": 3 } },
        "line": 150
      },
      "3": {
        "name": "on",
        "decl": { "start": { "line": 172, "column": 2 }, "end": { "line": 180, "column": 3 } },
        "loc": { "start": { "line": 172, "column": 2 }, "end": { "line": 180, "column": 3 } },
        "line": 172
      },
      "4": {
        "name": "off",
        "decl": { "start": { "line": 185, "column": 2 }, "end": { "line": 196, "column": 3 } },
        "loc": { "start": { "line": 185, "column": 2 }, "end": { "line": 196, "column": 3 } },
        "line": 185
      },
      "5": {
        "name": "emit",
        "decl": { "start": { "line": 201, "column": 2 }, "end": { "line": 228, "column": 3 } },
        "loc": { "start": { "line": 201, "column": 2 }, "end": { "line": 228, "column": 3 } },
        "line": 201
      },
      "6": {
        "name": "addToHistory",
        "decl": { "start": { "line": 233, "column": 10 }, "end": { "line": 240, "column": 3 } },
        "loc": { "start": { "line": 233, "column": 10 }, "end": { "line": 240, "column": 3 } },
        "line": 233
      },
      "7": {
        "name": "getHistory",
        "decl": { "start": { "line": 245, "column": 2 }, "end": { "line": 247, "column": 3 } },
        "loc": { "start": { "line": 245, "column": 2 }, "end": { "line": 247, "column": 3 } },
        "line": 245
      },
      "8": {
        "name": "getEventsByType",
        "decl": { "start": { "line": 252, "column": 2 }, "end": { "line": 254, "column": 3 } },
        "loc": { "start": { "line": 252, "column": 2 }, "end": { "line": 254, "column": 3 } },
        "line": 252
      },
      "9": {
        "name": "clearHistory",
        "decl": { "start": { "line": 259, "column": 2 }, "end": { "line": 262, "column": 3 } },
        "loc": { "start": { "line": 259, "column": 2 }, "end": { "line": 262, "column": 3 } },
        "line": 259
      },
      "10": {
        "name": "getHandlerCount",
        "decl": { "start": { "line": 267, "column": 2 }, "end": { "line": 269, "column": 3 } },
        "loc": { "start": { "line": 267, "column": 2 }, "end": { "line": 269, "column": 3 } },
        "line": 267
      },
      "11": {
        "name": "getRegisteredEventTypes",
        "decl": { "start": { "line": 274, "column": 2 }, "end": { "line": 276, "column": 3 } },
        "loc": { "start": { "line": 274, "column": 2 }, "end": { "line": 276, "column": 3 } },
        "line": 274
      },
      "12": {
        "name": "setDebugMode",
        "decl": { "start": { "line": 281, "column": 2 }, "end": { "line": 284, "column": 3 } },
        "loc": { "start": { "line": 281, "column": 2 }, "end": { "line": 284, "column": 3 } },
        "line": 281
      },
      "13": {
        "name": "once",
        "decl": { "start": { "line": 289, "column": 2 }, "end": { "line": 296, "column": 3 } },
        "loc": { "start": { "line": 289, "column": 2 }, "end": { "line": 296, "column": 3 } },
        "line": 289
      },
      "14": {
        "name": "waitForEvent",
        "decl": { "start": { "line": 301, "column": 2 }, "end": { "line": 312, "column": 3 } },
        "loc": { "start": { "line": 301, "column": 2 }, "end": { "line": 312, "column": 3 } },
        "line": 301
      },
      "15": {
        "name": "emitMoleculeLoaded",
        "decl": { "start": { "line": 317, "column": 2 }, "end": { "line": 322, "column": 3 } },
        "loc": { "start": { "line": 317, "column": 2 }, "end": { "line": 322, "column": 3 } },
        "line": 317
      },
      "16": {
        "name": "emitMoleculeOriented",
        "decl": { "start": { "line": 327, "column": 2 }, "end": { "line": 332, "column": 3 } },
        "loc": { "start": { "line": 327, "column": 2 }, "end": { "line": 332, "column": 3 } },
        "line": 327
      },
      "17": {
        "name": "emitPhysicsConfigured",
        "decl": { "start": { "line": 337, "column": 2 }, "end": { "line": 342, "column": 3 } },
        "loc": { "start": { "line": 337, "column": 2 }, "end": { "line": 342, "column": 3 } },
        "line": 337
      },
      "18": {
        "name": "emitCollisionDetected",
        "decl": { "start": { "line": 347, "column": 2 }, "end": { "line": 352, "column": 3 } },
        "loc": { "start": { "line": 347, "column": 2 }, "end": { "line": 352, "column": 3 } },
        "line": 347
      },
      "19": {
        "name": "emitReactionStarted",
        "decl": { "start": { "line": 357, "column": 2 }, "end": { "line": 362, "column": 3 } },
        "loc": { "start": { "line": 357, "column": 2 }, "end": { "line": 362, "column": 3 } },
        "line": 357
      },
      "20": {
        "name": "emitReactionProgress",
        "decl": { "start": { "line": 367, "column": 2 }, "end": { "line": 372, "column": 3 } },
        "loc": { "start": { "line": 367, "column": 2 }, "end": { "line": 372, "column": 3 } },
        "line": 367
      },
      "21": {
[...]
      "32": [2]
    },
    "fnMap": {
      "0": {
        "name": "<instance_members_initializer>",
        "decl": { "start": { "line": 30, "column": 27 }, "end": { "line": 381, "column": 1 } },
        "loc": { "start": { "line": 30, "column": 27 }, "end": { "line": 381, "column": 1 } },
        "line": 30
      },
      "1": {
        "name": "CollisionEventSystem",
        "decl": { "start": { "line": 42, "column": 2 }, "end": { "line": 44, "column": 3 } },
        "loc": { "start": { "line": 42, "column": 2 }, "end": { "line": 44, "column": 3 } },
        "line": 42
      },
      "2": {
        "name": "setReactionType",
        "decl": { "start": { "line": 49, "column": 2 }, "end": { "line": 52, "column": 3 } },
        "loc": { "start": { "line": 49, "column": 2 }, "end": { "line": 52, "column": 3 } },
        "line": 49
      },
      "3": {
        "name": "setTemperature",
        "decl": { "start": { "line": 57, "column": 2 }, "end": { "line": 59, "column": 3 } },
        "loc": { "start": { "line": 57, "column": 2 }, "end": { "line": 59, "column": 3 } },
        "line": 57
      },
      "4": {
        "name": "setTestingMode",
        "decl": { "start": { "line": 61, "column": 2 }, "end": { "line": 66, "column": 3 } },
        "loc": { "start": { "line": 61, "column": 2 }, "end": { "line": 66, "column": 3 } },
        "line": 61
      },
      "5": {
        "name": "resetReactionState",
        "decl": { "start": { "line": 71, "column": 2 }, "end": { "line": 76, "column": 3 } },
        "loc": { "start": { "line": 71, "column": 2 }, "end": { "line": 76, "column": 3 } },
        "line": 71
      },
      "6": {
        "name": "setDemoEasyMode",
        "decl": { "start": { "line": 83, "column": 2 }, "end": { "line": 86, "column": 3 } },
        "loc": { "start": { "line": 83, "column": 2 }, "end": { "line": 86, "column": 3 } },
        "line": 83
      },
      "7": {
        "name": "getReactionType",
        "decl": { "start": { "line": 91, "column": 2 }, "end": { "line": 93, "column": 3 } },
        "loc": { "start": { "line": 91, "column": 2 }, "end": { "line": 93, "column": 3 } },
        "line": 91
      },
      "8": {
        "name": "getTemperature",
        "decl": { "start": { "line": 98, "column": 2 }, "end": { "line": 100, "column": 3 } },
        "loc": { "start": { "line": 98, "column": 2 }, "end": { "line": 100, "column": 3 } },
        "line": 98
      },
      "9": {
        "name": "registerHandler",
        "decl": { "start": { "line": 106, "column": 2 }, "end": { "line": 108, "column": 3 } },
        "loc": { "start": { "line": 106, "column": 2 }, "end": { "line": 108, "column": 3 } },
        "line": 106
      },
      "10": {
        "name": "unregisterHandler",
        "decl": { "start": { "line": 114, "column": 2 }, "end": { "line": 119, "column": 3 } },
        "loc": { "start": { "line": 114, "column": 2 }, "end": { "line": 119, "column": 3 } },
        "line": 114
      },
      "11": {
        "name": "clearAllHandlers",
        "decl": { "start": { "line": 124, "column": 2 }, "end": { "line": 127, "column": 3 } },
        "loc": { "start": { "line": 124, "column": 2 }, "end": { "line": 127, "column": 3 } },
        "line": 124
      },
      "12": {
        "name": "emitCollision",
        "decl": { "start": { "line": 133, "column": 2 }, "end": { "line": 176, "column": 3 } },
        "loc": { "start": { "line": 133, "column": 2 }, "end": { "line": 176, "column": 3 } },
        "line": 133
      },
      "13": {
        "name": "processReactionDetection",
        "decl": { "start": { "line": 181, "column": 10 }, "end": { "line": 287, "column": 3 } },
        "loc": { "start": { "line": 181, "column": 10 }, "end": { "line": 287, "column": 3 } },
        "line": 181
      },
      "14": {
        "name": "calculateCollisionEnergy",
        "decl": { "start": { "line": 292, "column": 10 }, "end": { "line": 302, "column": 3 } },
        "loc": { "start": { "line": 292, "column": 10 }, "end": { "line": 302, "column": 3 } },
        "line": 292
      },
      "15": {
        "name": "calculateApproachAngle",
        "decl": { "start": { "line": 307, "column": 10 }, "end": { "line": 313, "column": 3 } },
        "loc": { "start": { "line": 307, "column": 10 }, "end": { "line": 313, "column": 3 } },
        "line": 307
      },
      "16": {
        "name": "generateReactionProducts",
        "decl": { "start": { "line": 318, "column": 10 }, "end": { "line": 331, "column": 3 } },
        "loc": { "start": { "line": 318, "column": 10 }, "end": { "line": 331, "column": 3 } },
        "line": 318
      },
      "17": {
        "name": "emitReactionEvent",
        "decl": { "start": { "line": 336, "column": 10 }, "end": { "line": 351, "column": 3 } },
        "loc": { "start": { "line": 336, "column": 10 }, "end": { "line": 351, "column": 3 } },
        "line": 336
      },
      "18": {
        "name": "getCollisionKey",
        "decl": { "start": { "line": 359, "column": 10 }, "end": { "line": 363, "column": 3 } },
        "loc": { "start": { "line": 359, "column": 10 }, "end": { "line": 363, "column": 3 } },
        "line": 359
      },
      "19": {
        "name": "clearHistory",
        "decl": { "start": { "line": 368, "column": 2 }, "end": { "line": 370, "column": 3 } },
        "loc": { "start": { "line": 368, "column": 2 }, "end": { "line": 370, "column": 3 } },
        "line": 368
      },
      "20": {
        "name": "getStats",
        "decl": { "start": { "line": 375, "column": 2 }, "end": { "line": 380, "column": 3 } },
        "loc": { "start": { "line": 375, "column": 2 }, "end": { "line": 380, "column": 3 } },
        "line": 375
      },
      "21": {
        "name": "createCollisionEvent",
        "decl": { "start": { "line": 392, "column": 7 }, "end": { "line": 411, "column": 1 } },
        "loc": { "start": { "line": 392, "column": 7 }, "end": { "line": 411, "column": 1 } },
        "line": 392
      }
    },
    "f": {
      "0": 1,
      "1": 1,
      "2": 2,
      "3": 0,
      "4": 2,
      "5": 2,
      "6": 0,
      "7": 0,
      "8": 0,
      "9": 2,
      "10": 0,
      "11": 2,
      "12": 2,
      "13": 2,
      "14": 2,
      "15": 2,
      "16": 2,
      "17": 2,
      "18": 2,
      "19": 0,
      "20": 0,
      "21": 2
    }
  },
  "/home/admini/molMod/src/utils/debug.ts": {
    "path": "/home/admini/molMod/src/utils/debug.ts",
    "all": false,
    "statementMap": {
      "0": { "start": { "line": 1, "column": 0 }, "end": { "line": 1, "column": 31 } },
      "6": { "start": { "line": 7, "column": 0 }, "end": { "line": 7, "column": 40 } },
      "12": { "start": { "line": 13, "column": 0 }, "end": { "line": 13, "column": 45 } },
      "17": { "start": { "line": 18, "column": 0 }, "end": { "line": 18, "column": 36 } },
      "23": { "start": { "line": 24, "column": 0 }, "end": { "line": 24, "column": 110 } },
      "34": { "start": { "line": 35, "column": 0 }, "end": { "line": 35, "column": 47 } },
      "35": { "start": { "line": 36, "column": 0 }, "end": { "line": 36, "column": 65 } },
      "37": { "start": { "line": 38, "column": 0 }, "end": { "line": 38, "column": 76 } },
      "38": { "start": { "line": 39, "column": 0 }, "end": { "line": 39, "column": 1 } },
      "48": { "start": { "line": 49, "column": 0 }, "end": { "line": 49, "column": 58 } },
      "49": { "start": { "line": 50, "column": 0 }, "end": { "line": 50, "column": 84 } },
      "50": { "start": { "line": 51, "column": 0 }, "end": { "line": 51, "column": 83 } },
      "52": { "start": { "line": 53, "column": 0 }, "end": { "line": 53, "column": 69 } },
      "54": { "start": { "line": 55, "column": 0 }, "end": { "line": 55, "column": 21 } },
      "55": { "start": { "line": 56, "column": 0 }, "end": { "line": 56, "column": 77 } },
      "56": { "start": { "line": 57, "column": 0 }, "end": { "line": 57, "column": 59 } },
      "57": { "start": { "line": 58, "column": 0 }, "end": { "line": 58, "column": 36 } },
      "58": { "start": { "line": 59, "column": 0 }, "end": { "line": 59, "column": 7 } },
      "59": { "start": { "line": 60, "column": 0 }, "end": { "line": 60, "column": 66 } },
      "60": { "start": { "line": 61, "column": 0 }, "end": { "line": 61, "column": 65 } },
      "61": { "start": { "line": 62, "column": 0 }, "end": { "line": 62, "column": 66 } },
      "62": { "start": { "line": 63, "column": 0 }, "end": { "line": 63, "column": 63 } },
      "63": { "start": { "line": 64, "column": 0 }, "end": { "line": 64, "column": 43 } },
      "64": { "start": { "line": 65, "column": 0 }, "end": { "line": 65, "column": 3 } },
      "67": { "start": { "line": 68, "column": 0 }, "end": { "line": 68, "column": 20 } },
      "68": { "start": { "line": 69, "column": 0 }, "end": { "line": 69, "column": 52 } },
      "69": { "start": { "line": 70, "column": 0 }, "end": { "line": 70, "column": 83 } },
      "70": { "start": { "line": 71, "column": 0 }, "end": { "line": 71, "column": 52 } },
      "71": { "start": { "line": 72, "column": 0 }, "end": { "line": 72, "column": 50 } },
      "72": { "start": { "line": 73, "column": 0 }, "end": { "line": 73, "column": 41 } },
      "73": { "start": { "line": 74, "column": 0 }, "end": { "line": 74, "column": 3 } },
      "74": { "start": { "line": 75, "column": 0 }, "end": { "line": 75, "column": 1 } },
      "80": { "start": { "line": 81, "column": 0 }, "end": { "line": 81, "column": 47 } },
      "81": { "start": { "line": 82, "column": 0 }, "end": { "line": 82, "column": 29 } },
      "82": { "start": { "line": 83, "column": 0 }, "end": { "line": 83, "column": 29 } },
      "87": { "start": { "line": 88, "column": 0 }, "end": { "line": 88, "column": 38 } },
      "88": { "start": { "line": 89, "column": 0 }, "end": { "line": 89, "column": 26 } },
      "89": { "start": { "line": 90, "column": 0 }, "end": { "line": 90, "column": 46 } },
      "90": { "start": { "line": 91, "column": 0 }, "end": { "line": 91, "column": 50 } },
      "92": { "start": { "line": 93, "column": 0 }, "end": { "line": 93, "column": 44 } },
      "93": { "start": { "line": 94, "column": 0 }, "end": { "line": 94, "column": 23 } },
      "94": { "start": { "line": 95, "column": 0 }, "end": { "line": 95, "column": 31 } },
      "95": { "start": { "line": 96, "column": 0 }, "end": { "line": 96, "column": 25 } },
      "96": { "start": { "line": 97, "column": 0 }, "end": { "line": 97, "column": 24 } },
      "97": { "start": { "line": 98, "column": 0 }, "end": { "line": 98, "column": 32 } },
      "98": { "start": { "line": 99, "column": 0 }, "end": { "line": 99, "column": 44 } },
      "99": { "start": { "line": 100, "column": 0 }, "end": { "line": 100, "column": 27 } },
      "100": { "start": { "line": 101, "column": 0 }, "end": { "line": 101, "column": 37 } },
      "101": { "start": { "line": 102, "column": 0 }, "end": { "line": 102, "column": 30 } },
      "102": { "start": { "line": 103, "column": 0 }, "end": { "line": 103, "column": 32 } },
      "103": { "start": { "line": 104, "column": 0 }, "end": { "line": 104, "column": 29 } },
      "104": { "start": { "line": 105, "column": 0 }, "end": { "line": 105, "column": 39 } },
      "105": { "start": { "line": 106, "column": 0 }, "end": { "line": 106, "column": 33 } },
      "106": { "start": { "line": 107, "column": 0 }, "end": { "line": 107, "column": 21 } },
      "107": { "start": { "line": 108, "column": 0 }, "end": { "line": 108, "column": 1 } },
      "112": { "start": { "line": 113, "column": 0 }, "end": { "line": 113, "column": 60 } },
      "113": { "start": { "line": 114, "column": 0 }, "end": { "line": 114, "column": 43 } },
      "115": { "start": { "line": 116, "column": 0 }, "end": { "line": 116, "column": 28 } },
      "116": { "start": { "line": 117, "column": 0 }, "end": { "line": 117, "column": 46 } },
      "119": { "start": { "line": 120, "column": 0 }, "end": { "line": 120, "column": 36 } },
      "121": { "start": { "line": 122, "column": 0 }, "end": { "line": 122, "column": 69 } },
      "122": { "start": { "line": 123, "column": 0 }, "end": { "line": 123, "column": 59 } },
      "125": { "start": { "line": 126, "column": 0 }, "end": { "line": 126, "column": 52 } },
      "126": { "start": { "line": 127, "column": 0 }, "end": { "line": 127, "column": 49 } },
      "128": { "start": { "line": 129, "column": 0 }, "end": { "line": 129, "column": 89 } },
      "129": { "start": { "line": 130, "column": 0 }, "end": { "line": 130, "column": 29 } },
      "130": { "start": { "line": 131, "column": 0 }, "end": { "line": 131, "column": 29 } },
      "131": { "start": { "line": 132, "column": 0 }, "end": { "line": 132, "column": 3 } },
      "132": { "start": { "line": 133, "column": 0 }, "end": { "line": 133, "column": 1 } },
      "137": { "start": { "line": 138, "column": 0 }, "end": { "line": 138, "column": 41 } },
      "138": { "start": { "line": 139, "column": 0 }, "end": { "line": 139, "column": 36 } },
      "139": { "start": { "line": 140, "column": 0 }, "end": { "line": 140, "column": 57 } },
      "140": { "start": { "line": 141, "column": 0 }, "end": { "line": 141, "column": 3 } },
      "141": { "start": { "line": 142, "column": 0 }, "end": { "line": 142, "column": 22 } },
      "142": { "start": { "line": 143, "column": 0 }, "end": { "line": 143, "column": 27 } },
      "143": { "start": { "line": 144, "column": 0 }, "end": { "line": 144, "column": 27 } },
      "144": { "start": { "line": 145, "column": 0 }, "end": { "line": 145, "column": 1 } },
      "157": { "start": { "line": 158, "column": 0 }, "end": { "line": 158, "column": 33 } },
      "158": { "start": { "line": 159, "column": 0 }, "end": { "line": 159, "column": 21 } },
      "159": { "start": { "line": 160, "column": 0 }, "end": { "line": 160, "column": 41 } },
      "160": { "start": { "line": 161, "column": 0 }, "end": { "line": 161, "column": 54 } },
      "161": { "start": { "line": 162, "column": 0 }, "end": { "line": 162, "column": 9 } },
      "162": { "start": { "line": 163, "column": 0 }, "end": { "line": 163, "column": 82 } },
      "163": { "start": { "line": 164, "column": 0 }, "end": { "line": 164, "column": 85 } },
      "164": { "start": { "line": 165, "column": 0 }, "end": { "line": 165, "column": 79 } },
      "166": { "start": { "line": 167, "column": 0 }, "end": { "line": 167, "column": 73 } },
      "168": { "start": { "line": 169, "column": 0 }, "end": { "line": 169, "column": 21 } },
      "169": { "start": { "line": 170, "column": 0 }, "end": { "line": 170, "column": 115 } },
      "170": { "start": { "line": 171, "column": 0 }, "end": { "line": 171, "column": 28 } },
      "173": { "start": { "line": 174, "column": 0 }, "end": { "line": 174, "column": 32 } },
      "174": { "start": { "line": 175, "column": 0 }, "end": { "line": 175, "column": 28 } },
      "175": { "start": { "line": 176, "column": 0 }, "end": { "line": 176, "column": 38 } },
      "176": { "start": { "line": 177, "column": 0 }, "end": { "line": 177, "column": 39 } },
      "177": { "start": { "line": 178, "column": 0 }, "end": { "line": 178, "column": 35 } },
      "178": { "start": { "line": 179, "column": 0 }, "end": { "line": 179, "column": 34 } },
      "179": { "start": { "line": 180, "column": 0 }, "end": { "line": 180, "column": 21 } },
      "180": { "start": { "line": 181, "column": 0 }, "end": { "line": 181, "column": 3 } },
      "182": { "start": { "line": 183, "column": 0 }, "end": { "line": 183, "column": 24 } },
      "183": { "start": { "line": 184, "column": 0 }, "end": { "line": 184, "column": 74 } },
      "184": { "start": { "line": 185, "column": 0 }, "end": { "line": 185, "column": 3 } },
      "186": { "start": { "line": 187, "column": 0 }, "end": { "line": 187, "column": 32 } },
      "188": { "start": { "line": 189, "column": 0 }, "end": { "line": 189, "column": 38 } },
      "189": { "start": { "line": 190, "column": 0 }, "end": { "line": 190, "column": 3 } },
      "190": { "start": { "line": 191, "column": 0 }, "end": { "line": 191, "column": 1 } }
    },
    "s": {
      "0": 1,
      "6": 1,
      "12": 1,
      "17": 1,
      "23": 1,
      "34": 1,
      "35": 41,
      "37": 41,
      "38": 41,
      "48": 1,
      "49": 0,
      "50": 0,
      "52": 0,
      "54": 0,
      "55": 0,
      "56": 0,
      "57": 0,
      "58": 0,
      "59": 0,
      "60": 0,
      "61": 0,
      "62": 0,
      "63": 0,
      "64": 0,
      "67": 0,
      "68": 0,
      "69": 0,
      "70": 0,
      "71": 0,
      "72": 0,
      "73": 0,
      "74": 0,
      "80": 1,
      "81": 1,
      "82": 1,
      "87": 1,
      "88": 0,
      "89": 0,
      "90": 0,
      "92": 0,
      "93": 0,
      "94": 0,
      "95": 0,
      "96": 0,
      "97": 0,
      "98": 0,
      "99": 0,
      "100": 0,
      "101": 0,
      "102": 0,
      "103": 0,
      "104": 0,
      "105": 0,
      "106": 0,
      "107": 0,
      "112": 1,
      "113": 0,
      "115": 0,
      "116": 0,
      "119": 0,
      "121": 0,
      "122": 0,
      "125": 0,
      "126": 0,
      "128": 0,
      "129": 0,
      "130": 0,
      "131": 0,
      "132": 0,
      "137": 1,
      "138": 0,
      "139": 0,
      "140": 0,
      "141": 0,
      "142": 0,
      "143": 0,
      "144": 0,
      "157": 1,
      "158": 0,
      "159": 0,
      "160": 0,
      "161": 0,
      "162": 0,
      "163": 0,
      "164": 0,
      "166": 0,
      "168": 0,
      "169": 0,
      "170": 0,
      "173": 0,
      "174": 0,
      "175": 0,
      "176": 0,
      "177": 0,
      "178": 0,
      "179": 0,
      "180": 0,
      "182": 0,
      "183": 0,
      "184": 0,
      "186": 0,
      "188": 0,
      "189": 0,
      "190": 0
    },
    "branchMap": {
      "0": {
        "type": "branch",
        "line": 35,
        "loc": { "start": { "line": 35, "column": 7 }, "end": { "line": 39, "column": 1 } },
        "locations": [{ "start": { "line": 35, "column": 7 }, "end": { "line": 39, "column": 1 } }]
      },
      "1": {
        "type": "branch",
        "line": 36,
        "loc": { "start": { "line": 36, "column": 19 }, "end": { "line": 36, "column": 65 } },
        "locations": [
          { "start": { "line": 36, "column": 19 }, "end": { "line": 36, "column": 65 } }
        ]
      }
    },
    "b": { "0": [41], "1": [0] },
    "fnMap": {
      "0": {
        "name": "log",
        "decl": { "start": { "line": 35, "column": 7 }, "end": { "line": 39, "column": 1 } },
        "loc": { "start": { "line": 35, "column": 7 }, "end": { "line": 39, "column": 1 } },
        "line": 35
      },
      "1": {
        "name": "addObjectDebug",
        "decl": { "start": { "line": 49, "column": 7 }, "end": { "line": 75, "column": 1 } },
        "loc": { "start": { "line": 49, "column": 7 }, "end": { "line": 75, "column": 1 } },
        "line": 49
      },
      "2": {
        "name": "initFpsDebug",
        "decl": { "start": { "line": 88, "column": 7 }, "end": { "line": 108, "column": 1 } },
        "loc": { "start": { "line": 88, "column": 7 }, "end": { "line": 108, "column": 1 } },
        "line": 88
      },
      "3": {
        "name": "updateFpsDebug",
        "decl": { "start": { "line": 113, "column": 7 }, "end": { "line": 133, "column": 1 } },
        "loc": { "start": { "line": 113, "column": 7 }, "end": { "line": 133, "column": 1 } },
        "line": 113
      },
      "4": {
        "name": "disposeFpsDebug",
        "decl": { "start": { "line": 138, "column": 7 }, "end": { "line": 145, "column": 1 } },
        "loc": { "start": { "line": 138, "column": 7 }, "end": { "line": 145, "column": 1 } },
        "line": 138
      },
      "5": {
        "name": "addLightingDebug",
        "decl": { "start": { "line": 158, "column": 7 }, "end": { "line": 191, "column": 1 } },
        "loc": { "start": { "line": 158, "column": 7 }, "end": { "line": 191, "column": 1 } },
        "line": 158
      }
    },
    "f": { "0": 41, "1": 0, "2": 0, "3": 0, "4": 0, "5": 0 }
  }
}
